{"C:\\Users\\waddl\\Documents\\GitHub\\markdown-js\\src\\markdown.js":{"path":"C:\\Users\\waddl\\Documents\\GitHub\\markdown-js\\src\\markdown.js","statementMap":{"1":{"start":{"line":1,"column":0},"end":{"line":1,"column":78}},"2":{"start":{"line":1,"column":49},"end":{"line":1,"column":76}},"3":{"start":{"line":5,"column":0},"end":{"line":7,"column":3}},"4":{"start":{"line":6,"column":2},"end":{"line":6,"column":18}}},"fnMap":{"1":{"name":"(anonymous_1)","decl":{"start":{"line":5,"column":102},"end":{"line":5,"column":103}},"loc":{"start":{"line":5,"column":121},"end":{"line":7,"column":1}}}},"branchMap":{"1":{"loc":{"start":{"line":1,"column":0},"end":{"line":1,"column":78}},"type":"if","locations":[{"start":{"line":1,"column":0},"end":{"line":1,"column":78}},{"start":{"line":1,"column":0},"end":{"line":1,"column":78}}]}},"s":{"1":1,"2":1,"3":1,"4":1},"f":{"1":1},"b":{"1":[1,0]},"hash":"dd922ef38bc07d67116bc8af8ebe140b500e3b42"},"C:\\Users\\waddl\\Documents\\GitHub\\markdown-js\\src\\parser.js":{"path":"C:\\Users\\waddl\\Documents\\GitHub\\markdown-js\\src\\parser.js","statementMap":{"1":{"start":{"line":1,"column":0},"end":{"line":1,"column":78}},"2":{"start":{"line":1,"column":49},"end":{"line":1,"column":76}},"3":{"start":{"line":3,"column":0},"end":{"line":205,"column":3}},"4":{"start":{"line":6,"column":17},"end":{"line":6,"column":61}},"5":{"start":{"line":7,"column":16},"end":{"line":7,"column":39}},"6":{"start":{"line":16,"column":2},"end":{"line":20,"column":4}},"7":{"start":{"line":18,"column":13},"end":{"line":18,"column":36}},"8":{"start":{"line":19,"column":4},"end":{"line":19,"column":31}},"9":{"start":{"line":29,"column":4},"end":{"line":29,"column":38}},"10":{"start":{"line":33,"column":2},"end":{"line":61,"column":4}},"11":{"start":{"line":35,"column":4},"end":{"line":35,"column":42}},"12":{"start":{"line":39,"column":13},"end":{"line":39,"column":48}},"13":{"start":{"line":40,"column":17},"end":{"line":40,"column":19}},"14":{"start":{"line":43,"column":18},"end":{"line":43,"column":19}},"15":{"start":{"line":45,"column":4},"end":{"line":49,"column":5}},"16":{"start":{"line":47,"column":6},"end":{"line":47,"column":37}},"17":{"start":{"line":48,"column":6},"end":{"line":48,"column":33}},"18":{"start":{"line":51,"column":4},"end":{"line":58,"column":5}},"19":{"start":{"line":52,"column":6},"end":{"line":55,"column":7}},"20":{"start":{"line":53,"column":8},"end":{"line":53,"column":20}},"21":{"start":{"line":54,"column":8},"end":{"line":54,"column":23}},"22":{"start":{"line":56,"column":6},"end":{"line":56,"column":53}},"23":{"start":{"line":57,"column":6},"end":{"line":57,"column":37}},"24":{"start":{"line":60,"column":4},"end":{"line":60,"column":18}},"25":{"start":{"line":84,"column":2},"end":{"line":106,"column":4}},"26":{"start":{"line":85,"column":14},"end":{"line":85,"column":32}},"27":{"start":{"line":86,"column":14},"end":{"line":86,"column":27}},"28":{"start":{"line":88,"column":4},"end":{"line":89,"column":50}},"29":{"start":{"line":89,"column":6},"end":{"line":89,"column":50}},"30":{"start":{"line":91,"column":4},"end":{"line":102,"column":5}},"31":{"start":{"line":93,"column":16},"end":{"line":93,"column":55}},"32":{"start":{"line":94,"column":6},"end":{"line":101,"column":7}},"33":{"start":{"line":96,"column":8},"end":{"line":98,"column":9}},"34":{"start":{"line":97,"column":10},"end":{"line":97,"column":60}},"35":{"start":{"line":100,"column":8},"end":{"line":100,"column":19}},"36":{"start":{"line":105,"column":4},"end":{"line":105,"column":14}},"37":{"start":{"line":108,"column":2},"end":{"line":110,"column":4}},"38":{"start":{"line":109,"column":4},"end":{"line":109,"column":70}},"39":{"start":{"line":119,"column":2},"end":{"line":143,"column":4}},"40":{"start":{"line":120,"column":17},"end":{"line":120,"column":79}},"41":{"start":{"line":123,"column":19},"end":{"line":123,"column":28}},"42":{"start":{"line":124,"column":4},"end":{"line":142,"column":5}},"43":{"start":{"line":125,"column":6},"end":{"line":125,"column":61}},"44":{"start":{"line":127,"column":6},"end":{"line":136,"column":7}},"45":{"start":{"line":128,"column":6},"end":{"line":136,"column":7}},"46":{"start":{"line":129,"column":16},"end":{"line":129,"column":59}},"47":{"start":{"line":132,"column":8},"end":{"line":133,"column":31}},"48":{"start":{"line":133,"column":10},"end":{"line":133,"column":31}},"49":{"start":{"line":135,"column":8},"end":{"line":135,"column":45}},"50":{"start":{"line":137,"column":6},"end":{"line":137,"column":23}},"51":{"start":{"line":140,"column":6},"end":{"line":141,"column":29}},"52":{"start":{"line":141,"column":8},"end":{"line":141,"column":29}},"53":{"start":{"line":146,"column":2},"end":{"line":153,"column":4}},"54":{"start":{"line":147,"column":15},"end":{"line":147,"column":53}},"55":{"start":{"line":148,"column":4},"end":{"line":148,"column":36}},"56":{"start":{"line":149,"column":4},"end":{"line":150,"column":33}},"57":{"start":{"line":150,"column":6},"end":{"line":150,"column":33}},"58":{"start":{"line":151,"column":4},"end":{"line":152,"column":38}},"59":{"start":{"line":152,"column":6},"end":{"line":152,"column":38}},"60":{"start":{"line":155,"column":2},"end":{"line":165,"column":4}},"61":{"start":{"line":158,"column":12},"end":{"line":158,"column":27}},"62":{"start":{"line":160,"column":4},"end":{"line":163,"column":5}},"63":{"start":{"line":161,"column":6},"end":{"line":161,"column":34}},"64":{"start":{"line":162,"column":6},"end":{"line":162,"column":23}},"65":{"start":{"line":164,"column":4},"end":{"line":164,"column":13}},"66":{"start":{"line":168,"column":2},"end":{"line":176,"column":4}},"67":{"start":{"line":169,"column":14},"end":{"line":169,"column":16}},"68":{"start":{"line":170,"column":4},"end":{"line":174,"column":5}},"69":{"start":{"line":171,"column":6},"end":{"line":172,"column":17}},"70":{"start":{"line":172,"column":8},"end":{"line":172,"column":17}},"71":{"start":{"line":173,"column":6},"end":{"line":173,"column":20}},"72":{"start":{"line":175,"column":4},"end":{"line":175,"column":22}},"73":{"start":{"line":179,"column":2},"end":{"line":202,"column":4}},"74":{"start":{"line":180,"column":19},"end":{"line":180,"column":21}},"75":{"start":{"line":182,"column":4},"end":{"line":189,"column":5}},"76":{"start":{"line":184,"column":6},"end":{"line":185,"column":17}},"77":{"start":{"line":185,"column":8},"end":{"line":185,"column":17}},"78":{"start":{"line":186,"column":14},"end":{"line":187,"column":38}},"79":{"start":{"line":188,"column":6},"end":{"line":188,"column":60}},"80":{"start":{"line":191,"column":4},"end":{"line":191,"column":34}},"81":{"start":{"line":192,"column":4},"end":{"line":192,"column":30}},"82":{"start":{"line":195,"column":13},"end":{"line":195,"column":23}},"83":{"start":{"line":196,"column":4},"end":{"line":201,"column":6}},"84":{"start":{"line":197,"column":6},"end":{"line":200,"column":45}},"85":{"start":{"line":198,"column":8},"end":{"line":198,"column":44}},"86":{"start":{"line":200,"column":8},"end":{"line":200,"column":45}},"87":{"start":{"line":204,"column":2},"end":{"line":204,"column":18}}},"fnMap":{"1":{"name":"(anonymous_1)","decl":{"start":{"line":3,"column":41},"end":{"line":3,"column":42}},"loc":{"start":{"line":3,"column":77},"end":{"line":205,"column":1}}},"2":{"name":"(anonymous_2)","decl":{"start":{"line":16,"column":19},"end":{"line":16,"column":20}},"loc":{"start":{"line":16,"column":47},"end":{"line":20,"column":3}}},"3":{"name":"count_lines","decl":{"start":{"line":28,"column":11},"end":{"line":28,"column":22}},"loc":{"start":{"line":28,"column":30},"end":{"line":30,"column":3}}},"4":{"name":"splitBlocks","decl":{"start":{"line":33,"column":45},"end":{"line":33,"column":56}},"loc":{"start":{"line":33,"column":66},"end":{"line":61,"column":3}}},"5":{"name":"processBlock","decl":{"start":{"line":84,"column":45},"end":{"line":84,"column":57}},"loc":{"start":{"line":84,"column":73},"end":{"line":106,"column":3}}},"6":{"name":"processInline","decl":{"start":{"line":108,"column":46},"end":{"line":108,"column":59}},"loc":{"start":{"line":108,"column":69},"end":{"line":110,"column":3}}},"7":{"name":"toTree","decl":{"start":{"line":119,"column":39},"end":{"line":119,"column":45}},"loc":{"start":{"line":119,"column":69},"end":{"line":143,"column":3}}},"8":{"name":"(anonymous_8)","decl":{"start":{"line":146,"column":29},"end":{"line":146,"column":30}},"loc":{"start":{"line":146,"column":41},"end":{"line":153,"column":3}}},"9":{"name":"(anonymous_9)","decl":{"start":{"line":155,"column":42},"end":{"line":155,"column":43}},"loc":{"start":{"line":155,"column":68},"end":{"line":165,"column":3}}},"10":{"name":"(anonymous_10)","decl":{"start":{"line":168,"column":29},"end":{"line":168,"column":30}},"loc":{"start":{"line":168,"column":41},"end":{"line":176,"column":3}}},"11":{"name":"(anonymous_11)","decl":{"start":{"line":179,"column":33},"end":{"line":179,"column":34}},"loc":{"start":{"line":179,"column":45},"end":{"line":202,"column":3}}},"12":{"name":"(anonymous_12)","decl":{"start":{"line":196,"column":17},"end":{"line":196,"column":18}},"loc":{"start":{"line":196,"column":41},"end":{"line":201,"column":5}}}},"branchMap":{"1":{"loc":{"start":{"line":1,"column":0},"end":{"line":1,"column":78}},"type":"if","locations":[{"start":{"line":1,"column":0},"end":{"line":1,"column":78}},{"start":{"line":1,"column":0},"end":{"line":1,"column":78}}]},"2":{"loc":{"start":{"line":45,"column":4},"end":{"line":49,"column":5}},"type":"if","locations":[{"start":{"line":45,"column":4},"end":{"line":49,"column":5}},{"start":{"line":45,"column":4},"end":{"line":49,"column":5}}]},"3":{"loc":{"start":{"line":52,"column":6},"end":{"line":55,"column":7}},"type":"if","locations":[{"start":{"line":52,"column":6},"end":{"line":55,"column":7}},{"start":{"line":52,"column":6},"end":{"line":55,"column":7}}]},"4":{"loc":{"start":{"line":88,"column":4},"end":{"line":89,"column":50}},"type":"if","locations":[{"start":{"line":88,"column":4},"end":{"line":89,"column":50}},{"start":{"line":88,"column":4},"end":{"line":89,"column":50}}]},"5":{"loc":{"start":{"line":94,"column":6},"end":{"line":101,"column":7}},"type":"if","locations":[{"start":{"line":94,"column":6},"end":{"line":101,"column":7}},{"start":{"line":94,"column":6},"end":{"line":101,"column":7}}]},"6":{"loc":{"start":{"line":96,"column":8},"end":{"line":98,"column":9}},"type":"if","locations":[{"start":{"line":96,"column":8},"end":{"line":98,"column":9}},{"start":{"line":96,"column":8},"end":{"line":98,"column":9}}]},"7":{"loc":{"start":{"line":96,"column":13},"end":{"line":96,"column":104}},"type":"binary-expr","locations":[{"start":{"line":96,"column":13},"end":{"line":96,"column":26}},{"start":{"line":96,"column":32},"end":{"line":96,"column":46}},{"start":{"line":96,"column":50},"end":{"line":96,"column":70}},{"start":{"line":96,"column":76},"end":{"line":96,"column":102}}]},"8":{"loc":{"start":{"line":120,"column":17},"end":{"line":120,"column":79}},"type":"cond-expr","locations":[{"start":{"line":120,"column":43},"end":{"line":120,"column":49}},{"start":{"line":120,"column":52},"end":{"line":120,"column":79}}]},"9":{"loc":{"start":{"line":125,"column":18},"end":{"line":125,"column":60}},"type":"binary-expr","locations":[{"start":{"line":125,"column":18},"end":{"line":125,"column":29}},{"start":{"line":125,"column":33},"end":{"line":125,"column":42}},{"start":{"line":125,"column":46},"end":{"line":125,"column":60}}]},"10":{"loc":{"start":{"line":132,"column":8},"end":{"line":133,"column":31}},"type":"if","locations":[{"start":{"line":132,"column":8},"end":{"line":133,"column":31}},{"start":{"line":132,"column":8},"end":{"line":133,"column":31}}]},"11":{"loc":{"start":{"line":140,"column":6},"end":{"line":141,"column":29}},"type":"if","locations":[{"start":{"line":140,"column":6},"end":{"line":141,"column":29}},{"start":{"line":140,"column":6},"end":{"line":141,"column":29}}]},"12":{"loc":{"start":{"line":149,"column":4},"end":{"line":150,"column":33}},"type":"if","locations":[{"start":{"line":149,"column":4},"end":{"line":150,"column":33}},{"start":{"line":149,"column":4},"end":{"line":150,"column":33}}]},"13":{"loc":{"start":{"line":151,"column":4},"end":{"line":152,"column":38}},"type":"if","locations":[{"start":{"line":151,"column":4},"end":{"line":152,"column":38}},{"start":{"line":151,"column":4},"end":{"line":152,"column":38}}]},"14":{"loc":{"start":{"line":151,"column":9},"end":{"line":151,"column":77}},"type":"binary-expr","locations":[{"start":{"line":151,"column":9},"end":{"line":151,"column":39}},{"start":{"line":151,"column":43},"end":{"line":151,"column":77}}]},"15":{"loc":{"start":{"line":160,"column":12},"end":{"line":160,"column":50}},"type":"binary-expr","locations":[{"start":{"line":160,"column":12},"end":{"line":160,"column":20}},{"start":{"line":160,"column":24},"end":{"line":160,"column":50}}]},"16":{"loc":{"start":{"line":171,"column":6},"end":{"line":172,"column":17}},"type":"if","locations":[{"start":{"line":171,"column":6},"end":{"line":172,"column":17}},{"start":{"line":171,"column":6},"end":{"line":172,"column":17}}]},"17":{"loc":{"start":{"line":171,"column":11},"end":{"line":171,"column":48}},"type":"binary-expr","locations":[{"start":{"line":171,"column":11},"end":{"line":171,"column":28}},{"start":{"line":171,"column":32},"end":{"line":171,"column":48}}]},"18":{"loc":{"start":{"line":184,"column":6},"end":{"line":185,"column":17}},"type":"if","locations":[{"start":{"line":184,"column":6},"end":{"line":185,"column":17}},{"start":{"line":184,"column":6},"end":{"line":185,"column":17}}]},"19":{"loc":{"start":{"line":188,"column":21},"end":{"line":188,"column":57}},"type":"cond-expr","locations":[{"start":{"line":188,"column":38},"end":{"line":188,"column":39}},{"start":{"line":188,"column":42},"end":{"line":188,"column":57}}]},"20":{"loc":{"start":{"line":197,"column":6},"end":{"line":200,"column":45}},"type":"if","locations":[{"start":{"line":197,"column":6},"end":{"line":200,"column":45}},{"start":{"line":197,"column":6},"end":{"line":200,"column":45}}]}},"s":{"1":1,"2":1,"3":1,"4":1,"5":1,"6":1,"7":0,"8":0,"9":24,"10":1,"11":11,"12":11,"13":11,"14":11,"15":11,"16":1,"17":1,"18":11,"19":23,"20":1,"21":1,"22":23,"23":23,"24":11,"25":1,"26":38,"27":38,"28":38,"29":0,"30":38,"31":281,"32":281,"33":38,"34":0,"35":38,"36":0,"37":1,"38":112,"39":1,"40":11,"41":11,"42":11,"43":11,"44":11,"45":11,"46":21,"47":21,"48":0,"49":21,"50":11,"51":11,"52":11,"53":1,"54":0,"55":0,"56":0,"57":0,"58":0,"59":0,"60":1,"61":11,"62":11,"63":12,"64":12,"65":11,"66":1,"67":2,"68":2,"69":21,"70":1,"71":20,"72":2,"73":1,"74":2,"75":2,"76":32,"77":7,"78":25,"79":25,"80":2,"81":2,"82":2,"83":2,"84":126,"85":14,"86":112,"87":1},"f":{"1":1,"2":0,"3":24,"4":11,"5":38,"6":112,"7":11,"8":0,"9":11,"10":2,"11":2,"12":126},"b":{"1":[1,0],"2":[1,10],"3":[1,22],"4":[0,38],"5":[38,243],"6":[0,38],"7":[38,38,38,0],"8":[2,9],"9":[11,0,0],"10":[0,21],"11":[11,0],"12":[0,0],"13":[0,0],"14":[0,0],"15":[23,14],"16":[1,20],"17":[21,20],"18":[7,25],"19":[16,9],"20":[14,112]},"hash":"0487b1fc261cb94ae869b8f8a76f852099df311d"},"C:\\Users\\waddl\\Documents\\GitHub\\markdown-js\\src\\markdown_helpers.js":{"path":"C:\\Users\\waddl\\Documents\\GitHub\\markdown-js\\src\\markdown_helpers.js","statementMap":{"1":{"start":{"line":1,"column":0},"end":{"line":1,"column":78}},"2":{"start":{"line":1,"column":49},"end":{"line":1,"column":76}},"3":{"start":{"line":3,"column":0},"end":{"line":87,"column":3}},"4":{"start":{"line":5,"column":24},"end":{"line":5,"column":26}},"5":{"start":{"line":9,"column":4},"end":{"line":15,"column":17}},"6":{"start":{"line":20,"column":15},"end":{"line":20,"column":30}},"7":{"start":{"line":21,"column":4},"end":{"line":27,"column":17}},"8":{"start":{"line":31,"column":2},"end":{"line":48,"column":4}},"9":{"start":{"line":33,"column":4},"end":{"line":34,"column":21}},"10":{"start":{"line":34,"column":6},"end":{"line":34,"column":21}},"11":{"start":{"line":38,"column":12},"end":{"line":38,"column":29}},"12":{"start":{"line":39,"column":4},"end":{"line":39,"column":23}},"13":{"start":{"line":41,"column":4},"end":{"line":41,"column":33}},"14":{"start":{"line":42,"column":4},"end":{"line":42,"column":35}},"15":{"start":{"line":44,"column":4},"end":{"line":45,"column":26}},"16":{"start":{"line":45,"column":6},"end":{"line":45,"column":26}},"17":{"start":{"line":47,"column":4},"end":{"line":47,"column":13}},"18":{"start":{"line":51,"column":16},"end":{"line":53,"column":3}},"19":{"start":{"line":52,"column":4},"end":{"line":52,"column":68}},"20":{"start":{"line":56,"column":2},"end":{"line":66,"column":3}},"21":{"start":{"line":57,"column":4},"end":{"line":59,"column":6}},"22":{"start":{"line":58,"column":6},"end":{"line":58,"column":38}},"23":{"start":{"line":62,"column":4},"end":{"line":65,"column":6}},"24":{"start":{"line":63,"column":6},"end":{"line":64,"column":46}},"25":{"start":{"line":64,"column":8},"end":{"line":64,"column":46}},"26":{"start":{"line":68,"column":2},"end":{"line":74,"column":4}},"27":{"start":{"line":69,"column":4},"end":{"line":72,"column":5}},"28":{"start":{"line":70,"column":6},"end":{"line":71,"column":21}},"29":{"start":{"line":71,"column":8},"end":{"line":71,"column":21}},"30":{"start":{"line":73,"column":4},"end":{"line":73,"column":16}},"31":{"start":{"line":76,"column":2},"end":{"line":83,"column":4}},"32":{"start":{"line":77,"column":4},"end":{"line":82,"column":20}},"33":{"start":{"line":85,"column":2},"end":{"line":85,"column":25}}},"fnMap":{"1":{"name":"(anonymous_1)","decl":{"start":{"line":3,"column":11},"end":{"line":3,"column":12}},"loc":{"start":{"line":3,"column":24},"end":{"line":87,"column":1}}},"2":{"name":"mk_block_toSource","decl":{"start":{"line":8,"column":11},"end":{"line":8,"column":28}},"loc":{"start":{"line":8,"column":31},"end":{"line":16,"column":3}}},"3":{"name":"mk_block_inspect","decl":{"start":{"line":19,"column":11},"end":{"line":19,"column":27}},"loc":{"start":{"line":19,"column":30},"end":{"line":29,"column":3}}},"4":{"name":"(anonymous_4)","decl":{"start":{"line":31,"column":29},"end":{"line":31,"column":30}},"loc":{"start":{"line":31,"column":58},"end":{"line":48,"column":3}}},"5":{"name":"(anonymous_5)","decl":{"start":{"line":51,"column":59},"end":{"line":51,"column":60}},"loc":{"start":{"line":51,"column":73},"end":{"line":53,"column":3}}},"6":{"name":"forEach","decl":{"start":{"line":57,"column":39},"end":{"line":57,"column":46}},"loc":{"start":{"line":57,"column":65},"end":{"line":59,"column":5}}},"7":{"name":"forEach","decl":{"start":{"line":62,"column":39},"end":{"line":62,"column":46}},"loc":{"start":{"line":62,"column":63},"end":{"line":65,"column":5}}},"8":{"name":"isEmpty","decl":{"start":{"line":68,"column":37},"end":{"line":68,"column":44}},"loc":{"start":{"line":68,"column":52},"end":{"line":74,"column":3}}},"9":{"name":"extract_attr","decl":{"start":{"line":76,"column":42},"end":{"line":76,"column":54}},"loc":{"start":{"line":76,"column":65},"end":{"line":83,"column":3}}}},"branchMap":{"1":{"loc":{"start":{"line":1,"column":0},"end":{"line":1,"column":78}},"type":"if","locations":[{"start":{"line":1,"column":0},"end":{"line":1,"column":78}},{"start":{"line":1,"column":0},"end":{"line":1,"column":78}}]},"2":{"loc":{"start":{"line":33,"column":4},"end":{"line":34,"column":21}},"type":"if","locations":[{"start":{"line":33,"column":4},"end":{"line":34,"column":21}},{"start":{"line":33,"column":4},"end":{"line":34,"column":21}}]},"3":{"loc":{"start":{"line":44,"column":4},"end":{"line":45,"column":26}},"type":"if","locations":[{"start":{"line":44,"column":4},"end":{"line":45,"column":26}},{"start":{"line":44,"column":4},"end":{"line":45,"column":26}}]},"4":{"loc":{"start":{"line":51,"column":42},"end":{"line":53,"column":3}},"type":"binary-expr","locations":[{"start":{"line":51,"column":42},"end":{"line":51,"column":55}},{"start":{"line":51,"column":59},"end":{"line":53,"column":3}}]},"5":{"loc":{"start":{"line":56,"column":2},"end":{"line":66,"column":3}},"type":"if","locations":[{"start":{"line":56,"column":2},"end":{"line":66,"column":3}},{"start":{"line":56,"column":2},"end":{"line":66,"column":3}}]},"6":{"loc":{"start":{"line":64,"column":16},"end":{"line":64,"column":28}},"type":"binary-expr","locations":[{"start":{"line":64,"column":16},"end":{"line":64,"column":21}},{"start":{"line":64,"column":25},"end":{"line":64,"column":28}}]},"7":{"loc":{"start":{"line":70,"column":6},"end":{"line":71,"column":21}},"type":"if","locations":[{"start":{"line":70,"column":6},"end":{"line":71,"column":21}},{"start":{"line":70,"column":6},"end":{"line":71,"column":21}}]},"8":{"loc":{"start":{"line":77,"column":11},"end":{"line":82,"column":19}},"type":"cond-expr","locations":[{"start":{"line":81,"column":10},"end":{"line":81,"column":21}},{"start":{"line":82,"column":10},"end":{"line":82,"column":19}}]},"9":{"loc":{"start":{"line":77,"column":11},"end":{"line":80,"column":36}},"type":"binary-expr","locations":[{"start":{"line":77,"column":11},"end":{"line":77,"column":26}},{"start":{"line":78,"column":11},"end":{"line":78,"column":28}},{"start":{"line":79,"column":11},"end":{"line":79,"column":42}},{"start":{"line":80,"column":11},"end":{"line":80,"column":36}}]}},"s":{"1":1,"2":1,"3":1,"4":1,"5":0,"6":0,"7":0,"8":1,"9":81,"10":39,"11":81,"12":81,"13":81,"14":81,"15":81,"16":36,"17":81,"18":1,"19":0,"20":1,"21":1,"22":169,"23":0,"24":0,"25":0,"26":1,"27":0,"28":0,"29":0,"30":0,"31":1,"32":11,"33":1},"f":{"1":1,"2":0,"3":0,"4":81,"5":0,"6":169,"7":0,"8":0,"9":11},"b":{"1":[1,0],"2":[39,42],"3":[36,45],"4":[1,0],"5":[1,0],"6":[0,0],"7":[0,0],"8":[4,7],"9":[11,11,7,7]},"hash":"979d5d3584c329576caea6e048b63e3ee5a0907d"},"C:\\Users\\waddl\\Documents\\GitHub\\markdown-js\\src\\core.js":{"path":"C:\\Users\\waddl\\Documents\\GitHub\\markdown-js\\src\\core.js","statementMap":{"1":{"start":{"line":1,"column":0},"end":{"line":1,"column":78}},"2":{"start":{"line":1,"column":49},"end":{"line":1,"column":76}},"3":{"start":{"line":3,"column":0},"end":{"line":61,"column":3}},"4":{"start":{"line":32,"column":17},"end":{"line":50,"column":3}},"5":{"start":{"line":33,"column":4},"end":{"line":46,"column":5}},"6":{"start":{"line":35,"column":6},"end":{"line":35,"column":46}},"7":{"start":{"line":36,"column":6},"end":{"line":36,"column":12}},"8":{"start":{"line":38,"column":6},"end":{"line":38,"column":29}},"9":{"start":{"line":39,"column":6},"end":{"line":39,"column":12}},"10":{"start":{"line":41,"column":6},"end":{"line":44,"column":78}},"11":{"start":{"line":42,"column":8},"end":{"line":42,"column":50}},"12":{"start":{"line":44,"column":8},"end":{"line":44,"column":78}},"13":{"start":{"line":45,"column":6},"end":{"line":45,"column":12}},"14":{"start":{"line":47,"column":4},"end":{"line":47,"column":23}},"15":{"start":{"line":48,"column":4},"end":{"line":48,"column":27}},"16":{"start":{"line":49,"column":4},"end":{"line":49,"column":27}},"17":{"start":{"line":57,"column":2},"end":{"line":57,"column":25}},"18":{"start":{"line":59,"column":2},"end":{"line":59,"column":18}}},"fnMap":{"1":{"name":"(anonymous_1)","decl":{"start":{"line":3,"column":11},"end":{"line":3,"column":12}},"loc":{"start":{"line":3,"column":22},"end":{"line":61,"column":1}}},"2":{"name":"(anonymous_2)","decl":{"start":{"line":32,"column":17},"end":{"line":32,"column":18}},"loc":{"start":{"line":32,"column":35},"end":{"line":50,"column":3}}}},"branchMap":{"1":{"loc":{"start":{"line":1,"column":0},"end":{"line":1,"column":78}},"type":"if","locations":[{"start":{"line":1,"column":0},"end":{"line":1,"column":78}},{"start":{"line":1,"column":0},"end":{"line":1,"column":78}}]},"2":{"loc":{"start":{"line":33,"column":4},"end":{"line":46,"column":5}},"type":"switch","locations":[{"start":{"line":34,"column":4},"end":{"line":36,"column":12}},{"start":{"line":37,"column":4},"end":{"line":39,"column":12}},{"start":{"line":40,"column":4},"end":{"line":45,"column":12}}]},"3":{"loc":{"start":{"line":41,"column":6},"end":{"line":44,"column":78}},"type":"if","locations":[{"start":{"line":41,"column":6},"end":{"line":44,"column":78}},{"start":{"line":41,"column":6},"end":{"line":44,"column":78}}]}},"s":{"1":1,"2":1,"3":1,"4":1,"5":16,"6":16,"7":16,"8":0,"9":0,"10":0,"11":0,"12":0,"13":0,"14":16,"15":16,"16":16,"17":1,"18":1},"f":{"1":1,"2":16},"b":{"1":[1,0],"2":[16,0,0],"3":[0,0]},"hash":"0a49030dac865665dec4281fabe980ef040ca534"},"C:\\Users\\waddl\\Documents\\GitHub\\markdown-js\\src\\render_tree.js":{"path":"C:\\Users\\waddl\\Documents\\GitHub\\markdown-js\\src\\render_tree.js","statementMap":{"1":{"start":{"line":1,"column":0},"end":{"line":1,"column":79}},"2":{"start":{"line":1,"column":49},"end":{"line":1,"column":76}},"3":{"start":{"line":3,"column":0},"end":{"line":301,"column":3}},"4":{"start":{"line":5,"column":21},"end":{"line":5,"column":49}},"5":{"start":{"line":20,"column":2},"end":{"line":41,"column":4}},"6":{"start":{"line":21,"column":4},"end":{"line":21,"column":28}},"7":{"start":{"line":23,"column":4},"end":{"line":23,"column":41}},"8":{"start":{"line":25,"column":4},"end":{"line":25,"column":48}},"9":{"start":{"line":26,"column":18},"end":{"line":26,"column":20}},"10":{"start":{"line":28,"column":4},"end":{"line":38,"column":5}},"11":{"start":{"line":29,"column":6},"end":{"line":29,"column":44}},"12":{"start":{"line":32,"column":6},"end":{"line":32,"column":21}},"13":{"start":{"line":33,"column":6},"end":{"line":34,"column":23}},"14":{"start":{"line":34,"column":8},"end":{"line":34,"column":23}},"15":{"start":{"line":36,"column":6},"end":{"line":37,"column":54}},"16":{"start":{"line":37,"column":8},"end":{"line":37,"column":54}},"17":{"start":{"line":40,"column":4},"end":{"line":40,"column":34}},"18":{"start":{"line":55,"column":2},"end":{"line":73,"column":4}},"19":{"start":{"line":58,"column":4},"end":{"line":59,"column":43}},"20":{"start":{"line":59,"column":6},"end":{"line":59,"column":43}},"21":{"start":{"line":64,"column":16},"end":{"line":64,"column":37}},"22":{"start":{"line":65,"column":15},"end":{"line":65,"column":17}},"23":{"start":{"line":67,"column":4},"end":{"line":68,"column":30}},"24":{"start":{"line":68,"column":6},"end":{"line":68,"column":30}},"25":{"start":{"line":70,"column":15},"end":{"line":70,"column":60}},"26":{"start":{"line":71,"column":4},"end":{"line":71,"column":29}},"27":{"start":{"line":72,"column":4},"end":{"line":72,"column":16}},"28":{"start":{"line":84,"column":2},"end":{"line":88,"column":4}},"29":{"start":{"line":85,"column":16},"end":{"line":85,"column":61}},"30":{"start":{"line":87,"column":4},"end":{"line":87,"column":38}},"31":{"start":{"line":92,"column":4},"end":{"line":100,"column":5}},"32":{"start":{"line":93,"column":6},"end":{"line":97,"column":43}},"33":{"start":{"line":99,"column":6},"end":{"line":99,"column":16}},"34":{"start":{"line":105,"column":4},"end":{"line":106,"column":34}},"35":{"start":{"line":106,"column":6},"end":{"line":106,"column":34}},"36":{"start":{"line":108,"column":14},"end":{"line":108,"column":28}},"37":{"start":{"line":109,"column":21},"end":{"line":109,"column":23}},"38":{"start":{"line":110,"column":18},"end":{"line":110,"column":20}},"39":{"start":{"line":112,"column":4},"end":{"line":113,"column":34}},"40":{"start":{"line":113,"column":6},"end":{"line":113,"column":34}},"41":{"start":{"line":115,"column":4},"end":{"line":116,"column":52}},"42":{"start":{"line":116,"column":6},"end":{"line":116,"column":52}},"43":{"start":{"line":118,"column":20},"end":{"line":118,"column":22}},"44":{"start":{"line":119,"column":4},"end":{"line":122,"column":5}},"45":{"start":{"line":120,"column":6},"end":{"line":120,"column":65}},"46":{"start":{"line":121,"column":6},"end":{"line":121,"column":28}},"47":{"start":{"line":124,"column":4},"end":{"line":129,"column":5}},"48":{"start":{"line":125,"column":20},"end":{"line":125,"column":48}},"49":{"start":{"line":126,"column":6},"end":{"line":128,"column":7}},"50":{"start":{"line":127,"column":8},"end":{"line":127,"column":52}},"51":{"start":{"line":132,"column":4},"end":{"line":135,"column":80}},"52":{"start":{"line":133,"column":6},"end":{"line":133,"column":41}},"53":{"start":{"line":135,"column":6},"end":{"line":135,"column":80}},"54":{"start":{"line":140,"column":4},"end":{"line":140,"column":28}},"55":{"start":{"line":143,"column":17},"end":{"line":143,"column":32}},"56":{"start":{"line":145,"column":4},"end":{"line":146,"column":62}},"57":{"start":{"line":146,"column":6},"end":{"line":146,"column":62}},"58":{"start":{"line":149,"column":16},"end":{"line":149,"column":38}},"59":{"start":{"line":150,"column":4},"end":{"line":156,"column":5}},"60":{"start":{"line":151,"column":6},"end":{"line":151,"column":23}},"61":{"start":{"line":152,"column":6},"end":{"line":154,"column":7}},"62":{"start":{"line":153,"column":8},"end":{"line":153,"column":38}},"63":{"start":{"line":155,"column":6},"end":{"line":155,"column":26}},"64":{"start":{"line":159,"column":4},"end":{"line":160,"column":20}},"65":{"start":{"line":160,"column":6},"end":{"line":160,"column":20}},"66":{"start":{"line":163,"column":4},"end":{"line":251,"column":5}},"67":{"start":{"line":165,"column":6},"end":{"line":165,"column":44}},"68":{"start":{"line":166,"column":6},"end":{"line":166,"column":31}},"69":{"start":{"line":167,"column":6},"end":{"line":167,"column":12}},"70":{"start":{"line":169,"column":6},"end":{"line":169,"column":25}},"71":{"start":{"line":170,"column":6},"end":{"line":170,"column":12}},"72":{"start":{"line":172,"column":6},"end":{"line":172,"column":25}},"73":{"start":{"line":173,"column":6},"end":{"line":173,"column":12}},"74":{"start":{"line":175,"column":6},"end":{"line":175,"column":25}},"75":{"start":{"line":176,"column":6},"end":{"line":176,"column":12}},"76":{"start":{"line":178,"column":6},"end":{"line":178,"column":24}},"77":{"start":{"line":179,"column":6},"end":{"line":179,"column":12}},"78":{"start":{"line":181,"column":6},"end":{"line":181,"column":27}},"79":{"start":{"line":182,"column":6},"end":{"line":183,"column":32}},"80":{"start":{"line":183,"column":8},"end":{"line":183,"column":32}},"81":{"start":{"line":184,"column":6},"end":{"line":184,"column":12}},"82":{"start":{"line":186,"column":6},"end":{"line":186,"column":26}},"83":{"start":{"line":187,"column":6},"end":{"line":187,"column":24}},"84":{"start":{"line":188,"column":17},"end":{"line":188,"column":27}},"85":{"start":{"line":189,"column":6},"end":{"line":189,"column":69}},"86":{"start":{"line":190,"column":6},"end":{"line":190,"column":25}},"87":{"start":{"line":191,"column":6},"end":{"line":191,"column":12}},"88":{"start":{"line":193,"column":6},"end":{"line":193,"column":27}},"89":{"start":{"line":194,"column":6},"end":{"line":194,"column":12}},"90":{"start":{"line":196,"column":6},"end":{"line":196,"column":41}},"91":{"start":{"line":197,"column":6},"end":{"line":197,"column":30}},"92":{"start":{"line":198,"column":6},"end":{"line":198,"column":12}},"93":{"start":{"line":200,"column":6},"end":{"line":200,"column":25}},"94":{"start":{"line":201,"column":6},"end":{"line":201,"column":12}},"95":{"start":{"line":203,"column":6},"end":{"line":203,"column":24}},"96":{"start":{"line":204,"column":6},"end":{"line":204,"column":12}},"97":{"start":{"line":206,"column":6},"end":{"line":206,"column":24}},"98":{"start":{"line":209,"column":16},"end":{"line":209,"column":39}},"99":{"start":{"line":212,"column":6},"end":{"line":226,"column":7}},"100":{"start":{"line":213,"column":8},"end":{"line":213,"column":25}},"101":{"start":{"line":216,"column":8},"end":{"line":216,"column":30}},"102":{"start":{"line":217,"column":8},"end":{"line":218,"column":34}},"103":{"start":{"line":218,"column":10},"end":{"line":218,"column":34}},"104":{"start":{"line":221,"column":8},"end":{"line":221,"column":30}},"105":{"start":{"line":225,"column":8},"end":{"line":225,"column":30}},"106":{"start":{"line":227,"column":6},"end":{"line":227,"column":12}},"107":{"start":{"line":229,"column":6},"end":{"line":229,"column":26}},"108":{"start":{"line":232,"column":16},"end":{"line":232,"column":39}},"109":{"start":{"line":235,"column":6},"end":{"line":249,"column":7}},"110":{"start":{"line":236,"column":8},"end":{"line":236,"column":25}},"111":{"start":{"line":239,"column":8},"end":{"line":239,"column":29}},"112":{"start":{"line":240,"column":8},"end":{"line":241,"column":34}},"113":{"start":{"line":241,"column":10},"end":{"line":241,"column":34}},"114":{"start":{"line":244,"column":8},"end":{"line":244,"column":30}},"115":{"start":{"line":248,"column":8},"end":{"line":248,"column":30}},"116":{"start":{"line":250,"column":6},"end":{"line":250,"column":12}},"117":{"start":{"line":254,"column":4},"end":{"line":254,"column":10}},"118":{"start":{"line":257,"column":4},"end":{"line":266,"column":5}},"119":{"start":{"line":259,"column":6},"end":{"line":262,"column":7}},"120":{"start":{"line":260,"column":8},"end":{"line":260,"column":14}},"121":{"start":{"line":261,"column":8},"end":{"line":261,"column":14}},"122":{"start":{"line":264,"column":6},"end":{"line":265,"column":30}},"123":{"start":{"line":265,"column":8},"end":{"line":265,"column":30}},"124":{"start":{"line":268,"column":4},"end":{"line":270,"column":5}},"125":{"start":{"line":269,"column":6},"end":{"line":269,"column":77}},"126":{"start":{"line":272,"column":4},"end":{"line":272,"column":18}},"127":{"start":{"line":279,"column":12},"end":{"line":279,"column":42}},"128":{"start":{"line":281,"column":4},"end":{"line":297,"column":5}},"129":{"start":{"line":283,"column":6},"end":{"line":296,"column":7}},"130":{"start":{"line":284,"column":8},"end":{"line":290,"column":9}},"131":{"start":{"line":286,"column":10},"end":{"line":286,"column":56}},"132":{"start":{"line":289,"column":10},"end":{"line":289,"column":14}},"133":{"start":{"line":294,"column":8},"end":{"line":294,"column":40}},"134":{"start":{"line":295,"column":8},"end":{"line":295,"column":12}},"135":{"start":{"line":300,"column":2},"end":{"line":300,"column":18}}},"fnMap":{"1":{"name":"(anonymous_1)","decl":{"start":{"line":3,"column":41},"end":{"line":3,"column":42}},"loc":{"start":{"line":3,"column":77},"end":{"line":301,"column":1}}},"2":{"name":"(anonymous_2)","decl":{"start":{"line":20,"column":26},"end":{"line":20,"column":27}},"loc":{"start":{"line":20,"column":54},"end":{"line":41,"column":3}}},"3":{"name":"toHTMLTree","decl":{"start":{"line":55,"column":33},"end":{"line":55,"column":43}},"loc":{"start":{"line":55,"column":72},"end":{"line":73,"column":3}}},"4":{"name":"toHTML","decl":{"start":{"line":84,"column":29},"end":{"line":84,"column":35}},"loc":{"start":{"line":84,"column":66},"end":{"line":88,"column":3}}},"5":{"name":"escapeHTML","decl":{"start":{"line":91,"column":11},"end":{"line":91,"column":21}},"loc":{"start":{"line":91,"column":30},"end":{"line":101,"column":3}}},"6":{"name":"render_tree","decl":{"start":{"line":103,"column":11},"end":{"line":103,"column":22}},"loc":{"start":{"line":103,"column":33},"end":{"line":136,"column":3}}},"7":{"name":"convert_tree_to_html","decl":{"start":{"line":138,"column":11},"end":{"line":138,"column":31}},"loc":{"start":{"line":138,"column":61},"end":{"line":273,"column":3}}},"8":{"name":"merge_text_nodes","decl":{"start":{"line":277,"column":11},"end":{"line":277,"column":27}},"loc":{"start":{"line":277,"column":38},"end":{"line":298,"column":3}}}},"branchMap":{"1":{"loc":{"start":{"line":1,"column":0},"end":{"line":1,"column":79}},"type":"if","locations":[{"start":{"line":1,"column":0},"end":{"line":1,"column":79}},{"start":{"line":1,"column":0},"end":{"line":1,"column":79}}]},"2":{"loc":{"start":{"line":21,"column":14},"end":{"line":21,"column":27}},"type":"binary-expr","locations":[{"start":{"line":21,"column":14},"end":{"line":21,"column":21}},{"start":{"line":21,"column":25},"end":{"line":21,"column":27}}]},"3":{"loc":{"start":{"line":23,"column":19},"end":{"line":23,"column":40}},"type":"binary-expr","locations":[{"start":{"line":23,"column":19},"end":{"line":23,"column":31}},{"start":{"line":23,"column":35},"end":{"line":23,"column":40}}]},"4":{"loc":{"start":{"line":28,"column":4},"end":{"line":38,"column":5}},"type":"if","locations":[{"start":{"line":28,"column":4},"end":{"line":38,"column":5}},{"start":{"line":28,"column":4},"end":{"line":38,"column":5}}]},"5":{"loc":{"start":{"line":33,"column":6},"end":{"line":34,"column":23}},"type":"if","locations":[{"start":{"line":33,"column":6},"end":{"line":34,"column":23}},{"start":{"line":33,"column":6},"end":{"line":34,"column":23}}]},"6":{"loc":{"start":{"line":33,"column":11},"end":{"line":33,"column":96}},"type":"binary-expr","locations":[{"start":{"line":33,"column":11},"end":{"line":33,"column":24}},{"start":{"line":33,"column":28},"end":{"line":33,"column":59}},{"start":{"line":33,"column":63},"end":{"line":33,"column":96}}]},"7":{"loc":{"start":{"line":58,"column":4},"end":{"line":59,"column":43}},"type":"if","locations":[{"start":{"line":58,"column":4},"end":{"line":59,"column":43}},{"start":{"line":58,"column":4},"end":{"line":59,"column":43}}]},"8":{"loc":{"start":{"line":67,"column":4},"end":{"line":68,"column":30}},"type":"if","locations":[{"start":{"line":67,"column":4},"end":{"line":68,"column":30}},{"start":{"line":67,"column":4},"end":{"line":68,"column":30}}]},"9":{"loc":{"start":{"line":67,"column":9},"end":{"line":67,"column":34}},"type":"binary-expr","locations":[{"start":{"line":67,"column":9},"end":{"line":67,"column":14}},{"start":{"line":67,"column":18},"end":{"line":67,"column":34}}]},"10":{"loc":{"start":{"line":92,"column":4},"end":{"line":100,"column":5}},"type":"if","locations":[{"start":{"line":92,"column":4},"end":{"line":100,"column":5}},{"start":{"line":92,"column":4},"end":{"line":100,"column":5}}]},"11":{"loc":{"start":{"line":92,"column":8},"end":{"line":92,"column":31}},"type":"binary-expr","locations":[{"start":{"line":92,"column":8},"end":{"line":92,"column":12}},{"start":{"line":92,"column":16},"end":{"line":92,"column":31}}]},"12":{"loc":{"start":{"line":105,"column":4},"end":{"line":106,"column":34}},"type":"if","locations":[{"start":{"line":105,"column":4},"end":{"line":106,"column":34}},{"start":{"line":105,"column":4},"end":{"line":106,"column":34}}]},"13":{"loc":{"start":{"line":112,"column":4},"end":{"line":113,"column":34}},"type":"if","locations":[{"start":{"line":112,"column":4},"end":{"line":113,"column":34}},{"start":{"line":112,"column":4},"end":{"line":113,"column":34}}]},"14":{"loc":{"start":{"line":112,"column":9},"end":{"line":112,"column":94}},"type":"binary-expr","locations":[{"start":{"line":112,"column":9},"end":{"line":112,"column":22}},{"start":{"line":112,"column":26},"end":{"line":112,"column":57}},{"start":{"line":112,"column":61},"end":{"line":112,"column":94}}]},"15":{"loc":{"start":{"line":119,"column":4},"end":{"line":122,"column":5}},"type":"if","locations":[{"start":{"line":119,"column":4},"end":{"line":122,"column":5}},{"start":{"line":119,"column":4},"end":{"line":122,"column":5}}]},"16":{"loc":{"start":{"line":126,"column":6},"end":{"line":128,"column":7}},"type":"if","locations":[{"start":{"line":126,"column":6},"end":{"line":128,"column":7}},{"start":{"line":126,"column":6},"end":{"line":128,"column":7}}]},"17":{"loc":{"start":{"line":126,"column":10},"end":{"line":126,"column":35}},"type":"binary-expr","locations":[{"start":{"line":126,"column":10},"end":{"line":126,"column":17}},{"start":{"line":126,"column":21},"end":{"line":126,"column":35}}]},"18":{"loc":{"start":{"line":132,"column":4},"end":{"line":135,"column":80}},"type":"if","locations":[{"start":{"line":132,"column":4},"end":{"line":135,"column":80}},{"start":{"line":132,"column":4},"end":{"line":135,"column":80}}]},"19":{"loc":{"start":{"line":132,"column":9},"end":{"line":132,"column":54}},"type":"binary-expr","locations":[{"start":{"line":132,"column":9},"end":{"line":132,"column":22}},{"start":{"line":132,"column":26},"end":{"line":132,"column":38}},{"start":{"line":132,"column":42},"end":{"line":132,"column":54}}]},"20":{"loc":{"start":{"line":140,"column":14},"end":{"line":140,"column":27}},"type":"binary-expr","locations":[{"start":{"line":140,"column":14},"end":{"line":140,"column":21}},{"start":{"line":140,"column":25},"end":{"line":140,"column":27}}]},"21":{"loc":{"start":{"line":145,"column":4},"end":{"line":146,"column":62}},"type":"if","locations":[{"start":{"line":145,"column":4},"end":{"line":146,"column":62}},{"start":{"line":145,"column":4},"end":{"line":146,"column":62}}]},"22":{"loc":{"start":{"line":150,"column":4},"end":{"line":156,"column":5}},"type":"if","locations":[{"start":{"line":150,"column":4},"end":{"line":156,"column":5}},{"start":{"line":150,"column":4},"end":{"line":156,"column":5}}]},"23":{"loc":{"start":{"line":159,"column":4},"end":{"line":160,"column":20}},"type":"if","locations":[{"start":{"line":159,"column":4},"end":{"line":160,"column":20}},{"start":{"line":159,"column":4},"end":{"line":160,"column":20}}]},"24":{"loc":{"start":{"line":163,"column":4},"end":{"line":251,"column":5}},"type":"switch","locations":[{"start":{"line":164,"column":4},"end":{"line":167,"column":12}},{"start":{"line":168,"column":4},"end":{"line":170,"column":12}},{"start":{"line":171,"column":4},"end":{"line":173,"column":12}},{"start":{"line":174,"column":4},"end":{"line":176,"column":12}},{"start":{"line":177,"column":4},"end":{"line":179,"column":12}},{"start":{"line":180,"column":4},"end":{"line":184,"column":12}},{"start":{"line":185,"column":4},"end":{"line":191,"column":12}},{"start":{"line":192,"column":4},"end":{"line":194,"column":12}},{"start":{"line":195,"column":4},"end":{"line":198,"column":12}},{"start":{"line":199,"column":4},"end":{"line":201,"column":12}},{"start":{"line":202,"column":4},"end":{"line":204,"column":12}},{"start":{"line":205,"column":4},"end":{"line":227,"column":12}},{"start":{"line":228,"column":4},"end":{"line":250,"column":12}}]},"25":{"loc":{"start":{"line":182,"column":6},"end":{"line":183,"column":32}},"type":"if","locations":[{"start":{"line":182,"column":6},"end":{"line":183,"column":32}},{"start":{"line":182,"column":6},"end":{"line":183,"column":32}}]},"26":{"loc":{"start":{"line":187,"column":10},"end":{"line":187,"column":23}},"type":"cond-expr","locations":[{"start":{"line":187,"column":18},"end":{"line":187,"column":19}},{"start":{"line":187,"column":22},"end":{"line":187,"column":23}}]},"27":{"loc":{"start":{"line":212,"column":6},"end":{"line":226,"column":7}},"type":"if","locations":[{"start":{"line":212,"column":6},"end":{"line":226,"column":7}},{"start":{"line":212,"column":6},"end":{"line":226,"column":7}}]},"28":{"loc":{"start":{"line":217,"column":8},"end":{"line":218,"column":34}},"type":"if","locations":[{"start":{"line":217,"column":8},"end":{"line":218,"column":34}},{"start":{"line":217,"column":8},"end":{"line":218,"column":34}}]},"29":{"loc":{"start":{"line":235,"column":6},"end":{"line":249,"column":7}},"type":"if","locations":[{"start":{"line":235,"column":6},"end":{"line":249,"column":7}},{"start":{"line":235,"column":6},"end":{"line":249,"column":7}}]},"30":{"loc":{"start":{"line":240,"column":8},"end":{"line":241,"column":34}},"type":"if","locations":[{"start":{"line":240,"column":8},"end":{"line":241,"column":34}},{"start":{"line":240,"column":8},"end":{"line":241,"column":34}}]},"31":{"loc":{"start":{"line":257,"column":4},"end":{"line":266,"column":5}},"type":"if","locations":[{"start":{"line":257,"column":4},"end":{"line":266,"column":5}},{"start":{"line":257,"column":4},"end":{"line":266,"column":5}}]},"32":{"loc":{"start":{"line":264,"column":6},"end":{"line":265,"column":30}},"type":"if","locations":[{"start":{"line":264,"column":6},"end":{"line":265,"column":30}},{"start":{"line":264,"column":6},"end":{"line":265,"column":30}}]},"33":{"loc":{"start":{"line":279,"column":12},"end":{"line":279,"column":42}},"type":"cond-expr","locations":[{"start":{"line":279,"column":37},"end":{"line":279,"column":38}},{"start":{"line":279,"column":41},"end":{"line":279,"column":42}}]},"34":{"loc":{"start":{"line":283,"column":6},"end":{"line":296,"column":7}},"type":"if","locations":[{"start":{"line":283,"column":6},"end":{"line":296,"column":7}},{"start":{"line":283,"column":6},"end":{"line":296,"column":7}}]},"35":{"loc":{"start":{"line":284,"column":8},"end":{"line":290,"column":9}},"type":"if","locations":[{"start":{"line":284,"column":8},"end":{"line":290,"column":9}},{"start":{"line":284,"column":8},"end":{"line":290,"column":9}}]},"36":{"loc":{"start":{"line":284,"column":13},"end":{"line":284,"column":73}},"type":"binary-expr","locations":[{"start":{"line":284,"column":13},"end":{"line":284,"column":34}},{"start":{"line":284,"column":38},"end":{"line":284,"column":73}}]}},"s":{"1":1,"2":1,"3":1,"4":1,"5":1,"6":0,"7":0,"8":0,"9":0,"10":0,"11":0,"12":0,"13":0,"14":0,"15":0,"16":0,"17":0,"18":1,"19":0,"20":0,"21":0,"22":0,"23":0,"24":0,"25":0,"26":0,"27":0,"28":1,"29":0,"30":0,"31":0,"32":0,"33":0,"34":0,"35":0,"36":0,"37":0,"38":0,"39":0,"40":0,"41":0,"42":0,"43":0,"44":0,"45":0,"46":0,"47":0,"48":0,"49":0,"50":0,"51":0,"52":0,"53":0,"54":0,"55":0,"56":0,"57":0,"58":0,"59":0,"60":0,"61":0,"62":0,"63":0,"64":0,"65":0,"66":0,"67":0,"68":0,"69":0,"70":0,"71":0,"72":0,"73":0,"74":0,"75":0,"76":0,"77":0,"78":0,"79":0,"80":0,"81":0,"82":0,"83":0,"84":0,"85":0,"86":0,"87":0,"88":0,"89":0,"90":0,"91":0,"92":0,"93":0,"94":0,"95":0,"96":0,"97":0,"98":0,"99":0,"100":0,"101":0,"102":0,"103":0,"104":0,"105":0,"106":0,"107":0,"108":0,"109":0,"110":0,"111":0,"112":0,"113":0,"114":0,"115":0,"116":0,"117":0,"118":0,"119":0,"120":0,"121":0,"122":0,"123":0,"124":0,"125":0,"126":0,"127":0,"128":0,"129":0,"130":0,"131":0,"132":0,"133":0,"134":0,"135":1},"f":{"1":1,"2":0,"3":0,"4":0,"5":0,"6":0,"7":0,"8":0},"b":{"1":[1,0],"2":[0,0],"3":[0,0],"4":[0,0],"5":[0,0],"6":[0,0,0],"7":[0,0],"8":[0,0],"9":[0,0],"10":[0,0],"11":[0,0],"12":[0,0],"13":[0,0],"14":[0,0,0],"15":[0,0],"16":[0,0],"17":[0,0],"18":[0,0],"19":[0,0,0],"20":[0,0],"21":[0,0],"22":[0,0],"23":[0,0],"24":[0,0,0,0,0,0,0,0,0,0,0,0,0],"25":[0,0],"26":[0,0],"27":[0,0],"28":[0,0],"29":[0,0],"30":[0,0],"31":[0,0],"32":[0,0],"33":[0,0],"34":[0,0],"35":[0,0],"36":[0,0]},"hash":"bb8cc4d82d07daa27f468d29639160153b88c10f"},"C:\\Users\\waddl\\Documents\\GitHub\\markdown-js\\src\\dialects\\gruber.js":{"path":"C:\\Users\\waddl\\Documents\\GitHub\\markdown-js\\src\\dialects\\gruber.js","statementMap":{"1":{"start":{"line":1,"column":0},"end":{"line":1,"column":78}},"2":{"start":{"line":1,"column":49},"end":{"line":1,"column":76}},"3":{"start":{"line":2,"column":0},"end":{"line":853,"column":3}},"4":{"start":{"line":5,"column":16},"end":{"line":5,"column":39}},"5":{"start":{"line":6,"column":21},"end":{"line":6,"column":49}},"6":{"start":{"line":7,"column":17},"end":{"line":7,"column":41}},"7":{"start":{"line":8,"column":16},"end":{"line":8,"column":39}},"8":{"start":{"line":9,"column":26},"end":{"line":9,"column":58}},"9":{"start":{"line":12,"column":18},"end":{"line":12,"column":475}},"10":{"start":{"line":22,"column":15},"end":{"line":753,"column":3}},"11":{"start":{"line":25,"column":16},"end":{"line":25,"column":66}},"12":{"start":{"line":27,"column":8},"end":{"line":28,"column":27}},"13":{"start":{"line":28,"column":10},"end":{"line":28,"column":27}},"14":{"start":{"line":30,"column":21},"end":{"line":30,"column":59}},"15":{"start":{"line":31,"column":8},"end":{"line":31,"column":71}},"16":{"start":{"line":33,"column":8},"end":{"line":34,"column":104}},"17":{"start":{"line":34,"column":10},"end":{"line":34,"column":104}},"18":{"start":{"line":36,"column":8},"end":{"line":36,"column":26}},"19":{"start":{"line":40,"column":16},"end":{"line":40,"column":59}},"20":{"start":{"line":42,"column":8},"end":{"line":43,"column":27}},"21":{"start":{"line":43,"column":10},"end":{"line":43,"column":27}},"22":{"start":{"line":45,"column":20},"end":{"line":45,"column":46}},"23":{"start":{"line":46,"column":21},"end":{"line":46,"column":89}},"24":{"start":{"line":48,"column":8},"end":{"line":49,"column":104}},"25":{"start":{"line":49,"column":10},"end":{"line":49,"column":104}},"26":{"start":{"line":51,"column":8},"end":{"line":51,"column":26}},"27":{"start":{"line":61,"column":18},"end":{"line":61,"column":20}},"28":{"start":{"line":62,"column":17},"end":{"line":62,"column":44}},"29":{"start":{"line":65,"column":8},"end":{"line":66,"column":27}},"30":{"start":{"line":66,"column":10},"end":{"line":66,"column":27}},"31":{"start":{"line":68,"column":8},"end":{"line":92,"column":25}},"32":{"start":{"line":69,"column":8},"end":{"line":92,"column":25}},"33":{"start":{"line":71,"column":18},"end":{"line":72,"column":78}},"34":{"start":{"line":72,"column":57},"end":{"line":72,"column":74}},"35":{"start":{"line":74,"column":10},"end":{"line":91,"column":11}},"36":{"start":{"line":76,"column":12},"end":{"line":76,"column":56}},"37":{"start":{"line":77,"column":12},"end":{"line":77,"column":31}},"38":{"start":{"line":79,"column":15},"end":{"line":91,"column":11}},"39":{"start":{"line":81,"column":12},"end":{"line":82,"column":33}},"40":{"start":{"line":82,"column":14},"end":{"line":82,"column":33}},"41":{"start":{"line":85,"column":12},"end":{"line":85,"column":75}},"42":{"start":{"line":87,"column":12},"end":{"line":87,"column":33}},"43":{"start":{"line":90,"column":12},"end":{"line":90,"column":31}},"44":{"start":{"line":94,"column":8},"end":{"line":94,"column":52}},"45":{"start":{"line":99,"column":16},"end":{"line":99,"column":103}},"46":{"start":{"line":101,"column":8},"end":{"line":102,"column":27}},"47":{"start":{"line":102,"column":10},"end":{"line":102,"column":27}},"48":{"start":{"line":104,"column":21},"end":{"line":104,"column":33}},"49":{"start":{"line":107,"column":8},"end":{"line":110,"column":9}},"50":{"start":{"line":108,"column":26},"end":{"line":108,"column":66}},"51":{"start":{"line":109,"column":10},"end":{"line":109,"column":71}},"52":{"start":{"line":113,"column":8},"end":{"line":114,"column":83}},"53":{"start":{"line":114,"column":10},"end":{"line":114,"column":83}},"54":{"start":{"line":116,"column":8},"end":{"line":116,"column":22}},"55":{"start":{"line":138,"column":23},"end":{"line":138,"column":38}},"56":{"start":{"line":139,"column":26},"end":{"line":139,"column":33}},"57":{"start":{"line":141,"column":25},"end":{"line":141,"column":74}},"58":{"start":{"line":142,"column":24},"end":{"line":142,"column":44}},"59":{"start":{"line":148,"column":10},"end":{"line":153,"column":12}},"60":{"start":{"line":156,"column":10},"end":{"line":156,"column":54}},"61":{"start":{"line":162,"column":10},"end":{"line":165,"column":11}},"62":{"start":{"line":163,"column":12},"end":{"line":163,"column":49}},"63":{"start":{"line":164,"column":12},"end":{"line":164,"column":19}},"64":{"start":{"line":167,"column":23},"end":{"line":169,"column":25}},"65":{"start":{"line":172,"column":10},"end":{"line":173,"column":31}},"66":{"start":{"line":173,"column":12},"end":{"line":173,"column":31}},"67":{"start":{"line":175,"column":10},"end":{"line":182,"column":11}},"68":{"start":{"line":176,"column":23},"end":{"line":176,"column":32}},"69":{"start":{"line":177,"column":25},"end":{"line":177,"column":49}},"70":{"start":{"line":178,"column":12},"end":{"line":181,"column":34}},"71":{"start":{"line":179,"column":14},"end":{"line":179,"column":48}},"72":{"start":{"line":181,"column":14},"end":{"line":181,"column":34}},"73":{"start":{"line":189,"column":19},"end":{"line":189,"column":79}},"74":{"start":{"line":190,"column":24},"end":{"line":190,"column":77}},"75":{"start":{"line":191,"column":20},"end":{"line":191,"column":22}},"76":{"start":{"line":193,"column":10},"end":{"line":203,"column":11}},"77":{"start":{"line":194,"column":12},"end":{"line":202,"column":20}},"78":{"start":{"line":195,"column":22},"end":{"line":195,"column":36}},"79":{"start":{"line":197,"column":22},"end":{"line":197,"column":45}},"80":{"start":{"line":199,"column":14},"end":{"line":199,"column":66}},"81":{"start":{"line":202,"column":14},"end":{"line":202,"column":20}},"82":{"start":{"line":204,"column":10},"end":{"line":204,"column":21}},"83":{"start":{"line":209,"column":21},"end":{"line":209,"column":27}},"84":{"start":{"line":210,"column":24},"end":{"line":210,"column":43}},"85":{"start":{"line":212,"column":10},"end":{"line":213,"column":19}},"86":{"start":{"line":213,"column":12},"end":{"line":213,"column":19}},"87":{"start":{"line":215,"column":10},"end":{"line":223,"column":11}},"88":{"start":{"line":218,"column":12},"end":{"line":218,"column":85}},"89":{"start":{"line":221,"column":26},"end":{"line":221,"column":39}},"90":{"start":{"line":222,"column":12},"end":{"line":222,"column":94}},"91":{"start":{"line":227,"column":8},"end":{"line":394,"column":10}},"92":{"start":{"line":228,"column":18},"end":{"line":228,"column":43}},"93":{"start":{"line":229,"column":10},"end":{"line":230,"column":29}},"94":{"start":{"line":230,"column":12},"end":{"line":230,"column":29}},"95":{"start":{"line":233,"column":23},"end":{"line":235,"column":37}},"96":{"start":{"line":237,"column":12},"end":{"line":237,"column":55}},"97":{"start":{"line":238,"column":12},"end":{"line":238,"column":24}},"98":{"start":{"line":242,"column":22},"end":{"line":242,"column":24}},"99":{"start":{"line":243,"column":21},"end":{"line":243,"column":35}},"100":{"start":{"line":245,"column":22},"end":{"line":245,"column":27}},"101":{"start":{"line":246,"column":20},"end":{"line":246,"column":37}},"102":{"start":{"line":250,"column":10},"end":{"line":391,"column":11}},"103":{"start":{"line":251,"column":10},"end":{"line":391,"column":11}},"104":{"start":{"line":253,"column":24},"end":{"line":253,"column":47}},"105":{"start":{"line":257,"column":32},"end":{"line":257,"column":34}},"106":{"start":{"line":257,"column":41},"end":{"line":257,"column":43}},"107":{"start":{"line":260,"column":12},"end":{"line":334,"column":13}},"108":{"start":{"line":261,"column":12},"end":{"line":334,"column":13}},"109":{"start":{"line":262,"column":14},"end":{"line":262,"column":22}},"110":{"start":{"line":263,"column":22},"end":{"line":263,"column":87}},"111":{"start":{"line":263,"column":66},"end":{"line":263,"column":73}},"112":{"start":{"line":263,"column":74},"end":{"line":263,"column":84}},"113":{"start":{"line":267,"column":28},"end":{"line":267,"column":59}},"114":{"start":{"line":269,"column":14},"end":{"line":269,"column":37}},"115":{"start":{"line":273,"column":14},"end":{"line":329,"column":15}},"116":{"start":{"line":275,"column":16},"end":{"line":280,"column":17}},"117":{"start":{"line":276,"column":18},"end":{"line":276,"column":81}},"118":{"start":{"line":278,"column":18},"end":{"line":278,"column":32}},"119":{"start":{"line":279,"column":18},"end":{"line":279,"column":37}},"120":{"start":{"line":282,"column":16},"end":{"line":282,"column":42}},"121":{"start":{"line":283,"column":35},"end":{"line":283,"column":62}},"122":{"start":{"line":285,"column":16},"end":{"line":327,"column":17}},"123":{"start":{"line":288,"column":18},"end":{"line":288,"column":40}},"124":{"start":{"line":289,"column":18},"end":{"line":289,"column":39}},"125":{"start":{"line":290,"column":18},"end":{"line":290,"column":53}},"126":{"start":{"line":297,"column":30},"end":{"line":297,"column":35}},"127":{"start":{"line":298,"column":18},"end":{"line":306,"column":19}},"128":{"start":{"line":299,"column":20},"end":{"line":300,"column":31}},"129":{"start":{"line":300,"column":22},"end":{"line":300,"column":31}},"130":{"start":{"line":302,"column":20},"end":{"line":302,"column":43}},"131":{"start":{"line":303,"column":20},"end":{"line":303,"column":62}},"132":{"start":{"line":304,"column":20},"end":{"line":304,"column":33}},"133":{"start":{"line":305,"column":20},"end":{"line":305,"column":26}},"134":{"start":{"line":308,"column":18},"end":{"line":322,"column":19}},"135":{"start":{"line":310,"column":20},"end":{"line":310,"column":35}},"136":{"start":{"line":311,"column":20},"end":{"line":321,"column":21}},"137":{"start":{"line":312,"column":22},"end":{"line":312,"column":78}},"138":{"start":{"line":314,"column":22},"end":{"line":314,"column":56}},"139":{"start":{"line":319,"column":22},"end":{"line":319,"column":42}},"140":{"start":{"line":320,"column":22},"end":{"line":320,"column":41}},"141":{"start":{"line":325,"column":18},"end":{"line":325,"column":43}},"142":{"start":{"line":326,"column":18},"end":{"line":326,"column":37}},"143":{"start":{"line":328,"column":16},"end":{"line":328,"column":24}},"144":{"start":{"line":332,"column":14},"end":{"line":333,"column":62}},"145":{"start":{"line":333,"column":16},"end":{"line":333,"column":62}},"146":{"start":{"line":336,"column":12},"end":{"line":355,"column":13}},"147":{"start":{"line":338,"column":29},"end":{"line":338,"column":65}},"148":{"start":{"line":339,"column":31},"end":{"line":339,"column":42}},"149":{"start":{"line":341,"column":14},"end":{"line":354,"column":15}},"150":{"start":{"line":342,"column":16},"end":{"line":342,"column":35}},"151":{"start":{"line":343,"column":16},"end":{"line":343,"column":75}},"152":{"start":{"line":344,"column":16},"end":{"line":344,"column":52}},"153":{"start":{"line":347,"column":16},"end":{"line":349,"column":17}},"154":{"start":{"line":348,"column":18},"end":{"line":348,"column":32}},"155":{"start":{"line":352,"column":16},"end":{"line":352,"column":30}},"156":{"start":{"line":353,"column":16},"end":{"line":353,"column":35}},"157":{"start":{"line":359,"column":28},"end":{"line":359,"column":70}},"158":{"start":{"line":362,"column":12},"end":{"line":367,"column":13}},"159":{"start":{"line":364,"column":14},"end":{"line":364,"column":50}},"160":{"start":{"line":366,"column":14},"end":{"line":366,"column":74}},"161":{"start":{"line":369,"column":29},"end":{"line":369,"column":63}},"162":{"start":{"line":371,"column":12},"end":{"line":389,"column":13}},"163":{"start":{"line":372,"column":14},"end":{"line":372,"column":35}},"164":{"start":{"line":375,"column":23},"end":{"line":375,"column":77}},"165":{"start":{"line":377,"column":14},"end":{"line":380,"column":15}},"166":{"start":{"line":378,"column":16},"end":{"line":378,"column":40}},"167":{"start":{"line":379,"column":16},"end":{"line":379,"column":22}},"168":{"start":{"line":383,"column":14},"end":{"line":385,"column":15}},"169":{"start":{"line":384,"column":16},"end":{"line":384,"column":52}},"170":{"start":{"line":387,"column":14},"end":{"line":387,"column":27}},"171":{"start":{"line":388,"column":14},"end":{"line":388,"column":36}},"172":{"start":{"line":390,"column":12},"end":{"line":390,"column":18}},"173":{"start":{"line":393,"column":10},"end":{"line":393,"column":21}},"174":{"start":{"line":400,"column":16},"end":{"line":400,"column":49}},"175":{"start":{"line":401,"column":8},"end":{"line":405,"column":9}},"176":{"start":{"line":402,"column":30},"end":{"line":402,"column":64}},"177":{"start":{"line":403,"column":10},"end":{"line":403,"column":38}},"178":{"start":{"line":404,"column":10},"end":{"line":404,"column":20}},"179":{"start":{"line":407,"column":8},"end":{"line":408,"column":27}},"180":{"start":{"line":408,"column":10},"end":{"line":408,"column":27}},"181":{"start":{"line":410,"column":21},"end":{"line":410,"column":23}},"182":{"start":{"line":417,"column":8},"end":{"line":432,"column":9}},"183":{"start":{"line":418,"column":22},"end":{"line":418,"column":41}},"184":{"start":{"line":419,"column":21},"end":{"line":419,"column":23}},"185":{"start":{"line":420,"column":24},"end":{"line":420,"column":40}},"186":{"start":{"line":423,"column":10},"end":{"line":426,"column":11}},"187":{"start":{"line":424,"column":12},"end":{"line":424,"column":39}},"188":{"start":{"line":425,"column":12},"end":{"line":425,"column":22}},"189":{"start":{"line":428,"column":25},"end":{"line":428,"column":78}},"190":{"start":{"line":429,"column":10},"end":{"line":429,"column":73}},"191":{"start":{"line":431,"column":10},"end":{"line":431,"column":74}},"192":{"start":{"line":436,"column":8},"end":{"line":439,"column":9}},"193":{"start":{"line":437,"column":18},"end":{"line":437,"column":30}},"194":{"start":{"line":438,"column":10},"end":{"line":438,"column":87}},"195":{"start":{"line":442,"column":20},"end":{"line":442,"column":49}},"196":{"start":{"line":443,"column":23},"end":{"line":443,"column":32}},"197":{"start":{"line":444,"column":29},"end":{"line":444,"column":67}},"198":{"start":{"line":445,"column":19},"end":{"line":445,"column":49}},"199":{"start":{"line":448,"column":8},"end":{"line":453,"column":9}},"200":{"start":{"line":449,"column":10},"end":{"line":449,"column":33}},"201":{"start":{"line":451,"column":10},"end":{"line":452,"column":42}},"202":{"start":{"line":452,"column":12},"end":{"line":452,"column":42}},"203":{"start":{"line":455,"column":8},"end":{"line":455,"column":38}},"204":{"start":{"line":456,"column":8},"end":{"line":456,"column":22}},"205":{"start":{"line":460,"column":17},"end":{"line":460,"column":83}},"206":{"start":{"line":463,"column":8},"end":{"line":464,"column":27}},"207":{"start":{"line":464,"column":10},"end":{"line":464,"column":27}},"208":{"start":{"line":466,"column":20},"end":{"line":466,"column":45}},"209":{"start":{"line":468,"column":16},"end":{"line":470,"column":11}},"210":{"start":{"line":469,"column":10},"end":{"line":469,"column":37}},"211":{"start":{"line":472,"column":8},"end":{"line":473,"column":56}},"212":{"start":{"line":473,"column":10},"end":{"line":473,"column":56}},"213":{"start":{"line":475,"column":8},"end":{"line":475,"column":18}},"214":{"start":{"line":480,"column":8},"end":{"line":480,"column":66}},"215":{"start":{"line":490,"column":8},"end":{"line":490,"column":76}},"216":{"start":{"line":491,"column":17},"end":{"line":491,"column":96}},"217":{"start":{"line":493,"column":8},"end":{"line":493,"column":28}},"218":{"start":{"line":494,"column":8},"end":{"line":501,"column":9}},"219":{"start":{"line":496,"column":10},"end":{"line":496,"column":39}},"220":{"start":{"line":498,"column":13},"end":{"line":501,"column":9}},"221":{"start":{"line":500,"column":10},"end":{"line":500,"column":39}},"222":{"start":{"line":504,"column":8},"end":{"line":508,"column":9}},"223":{"start":{"line":505,"column":10},"end":{"line":507,"column":70}},"224":{"start":{"line":510,"column":8},"end":{"line":510,"column":43}},"225":{"start":{"line":511,"column":8},"end":{"line":511,"column":19}},"226":{"start":{"line":516,"column":18},"end":{"line":516,"column":20}},"227":{"start":{"line":521,"column":10},"end":{"line":524,"column":24}},"228":{"start":{"line":522,"column":12},"end":{"line":522,"column":37}},"229":{"start":{"line":524,"column":12},"end":{"line":524,"column":24}},"230":{"start":{"line":527,"column":8},"end":{"line":531,"column":9}},"231":{"start":{"line":528,"column":10},"end":{"line":528,"column":84}},"232":{"start":{"line":529,"column":10},"end":{"line":529,"column":44}},"233":{"start":{"line":530,"column":10},"end":{"line":530,"column":29}},"234":{"start":{"line":533,"column":8},"end":{"line":533,"column":19}},"235":{"start":{"line":546,"column":8},"end":{"line":550,"column":29}},"236":{"start":{"line":547,"column":10},"end":{"line":547,"column":41}},"237":{"start":{"line":550,"column":10},"end":{"line":550,"column":29}},"238":{"start":{"line":556,"column":8},"end":{"line":556,"column":75}},"239":{"start":{"line":556,"column":66},"end":{"line":556,"column":73}},"240":{"start":{"line":566,"column":16},"end":{"line":567,"column":98}},"241":{"start":{"line":569,"column":8},"end":{"line":580,"column":9}},"242":{"start":{"line":570,"column":10},"end":{"line":571,"column":56}},"243":{"start":{"line":571,"column":12},"end":{"line":571,"column":56}},"244":{"start":{"line":573,"column":10},"end":{"line":573,"column":74}},"245":{"start":{"line":575,"column":22},"end":{"line":575,"column":53}},"246":{"start":{"line":576,"column":10},"end":{"line":577,"column":31}},"247":{"start":{"line":577,"column":12},"end":{"line":577,"column":31}},"248":{"start":{"line":579,"column":10},"end":{"line":579,"column":51}},"249":{"start":{"line":583,"column":8},"end":{"line":583,"column":55}},"250":{"start":{"line":585,"column":8},"end":{"line":589,"column":9}},"251":{"start":{"line":588,"column":10},"end":{"line":588,"column":104}},"252":{"start":{"line":592,"column":8},"end":{"line":592,"column":27}},"253":{"start":{"line":597,"column":19},"end":{"line":597,"column":20}},"254":{"start":{"line":598,"column":8},"end":{"line":604,"column":9}},"255":{"start":{"line":599,"column":18},"end":{"line":599,"column":32}},"256":{"start":{"line":600,"column":10},"end":{"line":600,"column":36}},"257":{"start":{"line":600,"column":27},"end":{"line":600,"column":34}},"258":{"start":{"line":601,"column":10},"end":{"line":601,"column":36}},"259":{"start":{"line":601,"column":27},"end":{"line":601,"column":34}},"260":{"start":{"line":603,"column":10},"end":{"line":603,"column":44}},"261":{"start":{"line":603,"column":26},"end":{"line":603,"column":42}},"262":{"start":{"line":606,"column":19},"end":{"line":606,"column":31}},"263":{"start":{"line":608,"column":18},"end":{"line":608,"column":69}},"264":{"start":{"line":611,"column":8},"end":{"line":613,"column":9}},"265":{"start":{"line":612,"column":10},"end":{"line":612,"column":63}},"266":{"start":{"line":616,"column":8},"end":{"line":616,"column":51}},"267":{"start":{"line":616,"column":30},"end":{"line":616,"column":49}},"268":{"start":{"line":618,"column":23},"end":{"line":618,"column":35}},"269":{"start":{"line":619,"column":23},"end":{"line":619,"column":31}},"270":{"start":{"line":625,"column":8},"end":{"line":625,"column":39}},"271":{"start":{"line":633,"column":16},"end":{"line":633,"column":84}},"272":{"start":{"line":634,"column":8},"end":{"line":668,"column":9}},"273":{"start":{"line":635,"column":20},"end":{"line":635,"column":44}},"274":{"start":{"line":636,"column":10},"end":{"line":636,"column":34}},"275":{"start":{"line":638,"column":10},"end":{"line":639,"column":53}},"276":{"start":{"line":639,"column":12},"end":{"line":639,"column":53}},"277":{"start":{"line":642,"column":10},"end":{"line":657,"column":11}},"278":{"start":{"line":643,"column":30},"end":{"line":643,"column":31}},"279":{"start":{"line":644,"column":12},"end":{"line":656,"column":13}},"280":{"start":{"line":645,"column":14},"end":{"line":655,"column":15}},"281":{"start":{"line":647,"column":16},"end":{"line":647,"column":30}},"282":{"start":{"line":648,"column":16},"end":{"line":648,"column":22}},"283":{"start":{"line":650,"column":16},"end":{"line":653,"column":17}},"284":{"start":{"line":651,"column":18},"end":{"line":651,"column":47}},"285":{"start":{"line":652,"column":18},"end":{"line":652,"column":46}},"286":{"start":{"line":654,"column":16},"end":{"line":654,"column":22}},"287":{"start":{"line":660,"column":10},"end":{"line":660,"column":72}},"288":{"start":{"line":662,"column":10},"end":{"line":662,"column":38}},"289":{"start":{"line":663,"column":10},"end":{"line":664,"column":31}},"290":{"start":{"line":664,"column":12},"end":{"line":664,"column":31}},"291":{"start":{"line":666,"column":10},"end":{"line":666,"column":54}},"292":{"start":{"line":667,"column":10},"end":{"line":667,"column":36}},"293":{"start":{"line":670,"column":8},"end":{"line":670,"column":65}},"294":{"start":{"line":671,"column":8},"end":{"line":675,"column":9}},"295":{"start":{"line":672,"column":10},"end":{"line":672,"column":34}},"296":{"start":{"line":673,"column":10},"end":{"line":673,"column":57}},"297":{"start":{"line":674,"column":10},"end":{"line":674,"column":34}},"298":{"start":{"line":679,"column":8},"end":{"line":679,"column":42}},"299":{"start":{"line":680,"column":8},"end":{"line":695,"column":9}},"300":{"start":{"line":682,"column":10},"end":{"line":682,"column":36}},"301":{"start":{"line":685,"column":10},"end":{"line":685,"column":111}},"302":{"start":{"line":687,"column":10},"end":{"line":694,"column":11}},"303":{"start":{"line":688,"column":12},"end":{"line":688,"column":60}},"304":{"start":{"line":693,"column":12},"end":{"line":693,"column":38}},"305":{"start":{"line":698,"column":8},"end":{"line":698,"column":87}},"306":{"start":{"line":699,"column":8},"end":{"line":703,"column":9}},"307":{"start":{"line":700,"column":22},"end":{"line":700,"column":45}},"308":{"start":{"line":701,"column":10},"end":{"line":701,"column":37}},"309":{"start":{"line":702,"column":10},"end":{"line":702,"column":33}},"310":{"start":{"line":707,"column":8},"end":{"line":713,"column":9}},"311":{"start":{"line":709,"column":27},"end":{"line":709,"column":72}},"312":{"start":{"line":710,"column":10},"end":{"line":710,"column":77}},"313":{"start":{"line":711,"column":10},"end":{"line":711,"column":52}},"314":{"start":{"line":712,"column":10},"end":{"line":712,"column":36}},"315":{"start":{"line":716,"column":8},"end":{"line":716,"column":26}},"316":{"start":{"line":723,"column":8},"end":{"line":730,"column":9}},"317":{"start":{"line":724,"column":10},"end":{"line":729,"column":69}},"318":{"start":{"line":725,"column":12},"end":{"line":725,"column":81}},"319":{"start":{"line":726,"column":15},"end":{"line":729,"column":69}},"320":{"start":{"line":727,"column":12},"end":{"line":727,"column":95}},"321":{"start":{"line":729,"column":12},"end":{"line":729,"column":69}},"322":{"start":{"line":732,"column":8},"end":{"line":732,"column":26}},"323":{"start":{"line":738,"column":16},"end":{"line":738,"column":50}},"324":{"start":{"line":740,"column":8},"end":{"line":745,"column":9}},"325":{"start":{"line":741,"column":10},"end":{"line":741,"column":71}},"326":{"start":{"line":744,"column":10},"end":{"line":744,"column":28}},"327":{"start":{"line":749,"column":8},"end":{"line":749,"column":38}},"328":{"start":{"line":758,"column":21},"end":{"line":758,"column":35}},"329":{"start":{"line":759,"column":21},"end":{"line":759,"column":67}},"330":{"start":{"line":762,"column":6},"end":{"line":762,"column":27}},"331":{"start":{"line":763,"column":6},"end":{"line":763,"column":32}},"332":{"start":{"line":766,"column":4},"end":{"line":809,"column":6}},"333":{"start":{"line":768,"column":6},"end":{"line":808,"column":7}},"334":{"start":{"line":771,"column":8},"end":{"line":771,"column":33}},"335":{"start":{"line":774,"column":8},"end":{"line":774,"column":67}},"336":{"start":{"line":778,"column":20},"end":{"line":778,"column":44}},"337":{"start":{"line":779,"column":20},"end":{"line":779,"column":44}},"338":{"start":{"line":781,"column":8},"end":{"line":781,"column":37}},"339":{"start":{"line":786,"column":18},"end":{"line":786,"column":64}},"340":{"start":{"line":789,"column":19},"end":{"line":789,"column":38}},"341":{"start":{"line":793,"column":20},"end":{"line":793,"column":44}},"342":{"start":{"line":794,"column":8},"end":{"line":807,"column":9}},"343":{"start":{"line":795,"column":10},"end":{"line":795,"column":20}},"344":{"start":{"line":797,"column":25},"end":{"line":797,"column":53}},"345":{"start":{"line":798,"column":10},"end":{"line":798,"column":51}},"346":{"start":{"line":802,"column":10},"end":{"line":802,"column":35}},"347":{"start":{"line":803,"column":10},"end":{"line":803,"column":35}},"348":{"start":{"line":806,"column":10},"end":{"line":806,"column":35}},"349":{"start":{"line":814,"column":4},"end":{"line":816,"column":5}},"350":{"start":{"line":815,"column":6},"end":{"line":815,"column":35}},"351":{"start":{"line":818,"column":16},"end":{"line":818,"column":41}},"352":{"start":{"line":821,"column":4},"end":{"line":823,"column":5}},"353":{"start":{"line":822,"column":6},"end":{"line":822,"column":28}},"354":{"start":{"line":825,"column":4},"end":{"line":825,"column":17}},"355":{"start":{"line":830,"column":4},"end":{"line":831,"column":50}},"356":{"start":{"line":831,"column":6},"end":{"line":831,"column":50}},"357":{"start":{"line":833,"column":14},"end":{"line":835,"column":5}},"358":{"start":{"line":837,"column":4},"end":{"line":840,"column":23}},"359":{"start":{"line":838,"column":6},"end":{"line":838,"column":23}},"360":{"start":{"line":839,"column":9},"end":{"line":840,"column":23}},"361":{"start":{"line":840,"column":6},"end":{"line":840,"column":23}},"362":{"start":{"line":843,"column":2},"end":{"line":843,"column":50}},"363":{"start":{"line":844,"column":2},"end":{"line":844,"column":50}},"364":{"start":{"line":845,"column":2},"end":{"line":845,"column":45}},"365":{"start":{"line":846,"column":2},"end":{"line":846,"column":45}},"366":{"start":{"line":848,"column":2},"end":{"line":848,"column":36}},"367":{"start":{"line":849,"column":2},"end":{"line":849,"column":62}},"368":{"start":{"line":850,"column":2},"end":{"line":850,"column":66}},"369":{"start":{"line":852,"column":2},"end":{"line":852,"column":16}}},"fnMap":{"1":{"name":"(anonymous_1)","decl":{"start":{"line":2,"column":66},"end":{"line":2,"column":67}},"loc":{"start":{"line":2,"column":119},"end":{"line":853,"column":1}}},"2":{"name":"atxHeader","decl":{"start":{"line":24,"column":26},"end":{"line":24,"column":35}},"loc":{"start":{"line":24,"column":51},"end":{"line":37,"column":7}}},"3":{"name":"setextHeader","decl":{"start":{"line":39,"column":29},"end":{"line":39,"column":41}},"loc":{"start":{"line":39,"column":57},"end":{"line":52,"column":7}}},"4":{"name":"code","decl":{"start":{"line":54,"column":21},"end":{"line":54,"column":25}},"loc":{"start":{"line":54,"column":41},"end":{"line":95,"column":7}}},"5":{"name":"(anonymous_5)","decl":{"start":{"line":72,"column":41},"end":{"line":72,"column":42}},"loc":{"start":{"line":72,"column":55},"end":{"line":72,"column":76}}},"6":{"name":"horizRule","decl":{"start":{"line":97,"column":26},"end":{"line":97,"column":35}},"loc":{"start":{"line":97,"column":51},"end":{"line":117,"column":7}}},"7":{"name":"(anonymous_7)","decl":{"start":{"line":136,"column":14},"end":{"line":136,"column":15}},"loc":{"start":{"line":136,"column":26},"end":{"line":395,"column":7}}},"8":{"name":"regex_for_depth","decl":{"start":{"line":146,"column":17},"end":{"line":146,"column":32}},"loc":{"start":{"line":146,"column":42},"end":{"line":154,"column":9}}},"9":{"name":"expand_tab","decl":{"start":{"line":155,"column":17},"end":{"line":155,"column":27}},"loc":{"start":{"line":155,"column":37},"end":{"line":157,"column":9}}},"10":{"name":"add","decl":{"start":{"line":161,"column":17},"end":{"line":161,"column":20}},"loc":{"start":{"line":161,"column":44},"end":{"line":183,"column":9}}},"11":{"name":"get_contained_blocks","decl":{"start":{"line":187,"column":17},"end":{"line":187,"column":37}},"loc":{"start":{"line":187,"column":55},"end":{"line":205,"column":9}}},"12":{"name":"paragraphify","decl":{"start":{"line":208,"column":17},"end":{"line":208,"column":29}},"loc":{"start":{"line":208,"column":43},"end":{"line":224,"column":9}}},"13":{"name":"(anonymous_13)","decl":{"start":{"line":227,"column":15},"end":{"line":227,"column":16}},"loc":{"start":{"line":227,"column":39},"end":{"line":394,"column":9}}},"14":{"name":"make_list","decl":{"start":{"line":232,"column":19},"end":{"line":232,"column":28}},"loc":{"start":{"line":232,"column":34},"end":{"line":239,"column":11}}},"15":{"name":"(anonymous_15)","decl":{"start":{"line":263,"column":52},"end":{"line":263,"column":53}},"loc":{"start":{"line":263,"column":64},"end":{"line":263,"column":86}}},"16":{"name":"blockquote","decl":{"start":{"line":397,"column":27},"end":{"line":397,"column":37}},"loc":{"start":{"line":397,"column":53},"end":{"line":457,"column":7}}},"17":{"name":"referenceDefn","decl":{"start":{"line":459,"column":30},"end":{"line":459,"column":43}},"loc":{"start":{"line":459,"column":58},"end":{"line":476,"column":7}}},"18":{"name":"(anonymous_18)","decl":{"start":{"line":468,"column":51},"end":{"line":468,"column":52}},"loc":{"start":{"line":468,"column":65},"end":{"line":470,"column":9}}},"19":{"name":"para","decl":{"start":{"line":478,"column":21},"end":{"line":478,"column":25}},"loc":{"start":{"line":478,"column":35},"end":{"line":481,"column":7}}},"20":{"name":"oneElement","decl":{"start":{"line":486,"column":31},"end":{"line":486,"column":41}},"loc":{"start":{"line":486,"column":82},"end":{"line":512,"column":7}}},"21":{"name":"inline","decl":{"start":{"line":514,"column":25},"end":{"line":514,"column":31}},"loc":{"start":{"line":514,"column":50},"end":{"line":534,"column":7}}},"22":{"name":"add","decl":{"start":{"line":519,"column":17},"end":{"line":519,"column":20}},"loc":{"start":{"line":519,"column":24},"end":{"line":525,"column":9}}},"23":{"name":"(anonymous_23)","decl":{"start":{"line":538,"column":11},"end":{"line":538,"column":12}},"loc":{"start":{"line":538,"column":23},"end":{"line":538,"column":25}}},"24":{"name":"(anonymous_24)","decl":{"start":{"line":539,"column":11},"end":{"line":539,"column":12}},"loc":{"start":{"line":539,"column":23},"end":{"line":539,"column":25}}},"25":{"name":"escaped","decl":{"start":{"line":543,"column":21},"end":{"line":543,"column":28}},"loc":{"start":{"line":543,"column":37},"end":{"line":551,"column":7}}},"26":{"name":"image","decl":{"start":{"line":553,"column":21},"end":{"line":553,"column":26}},"loc":{"start":{"line":553,"column":35},"end":{"line":593,"column":7}}},"27":{"name":"link","decl":{"start":{"line":595,"column":20},"end":{"line":595,"column":24}},"loc":{"start":{"line":595,"column":33},"end":{"line":717,"column":7}}},"28":{"name":"autoLink","decl":{"start":{"line":720,"column":20},"end":{"line":720,"column":28}},"loc":{"start":{"line":720,"column":37},"end":{"line":733,"column":7}}},"29":{"name":"inlineCode","decl":{"start":{"line":735,"column":20},"end":{"line":735,"column":30}},"loc":{"start":{"line":735,"column":39},"end":{"line":746,"column":7}}},"30":{"name":"lineBreak","decl":{"start":{"line":748,"column":23},"end":{"line":748,"column":32}},"loc":{"start":{"line":748,"column":35},"end":{"line":750,"column":7}}},"31":{"name":"strong_em","decl":{"start":{"line":756,"column":11},"end":{"line":756,"column":20}},"loc":{"start":{"line":756,"column":32},"end":{"line":810,"column":3}}},"32":{"name":"CloseTag","decl":{"start":{"line":761,"column":13},"end":{"line":761,"column":21}},"loc":{"start":{"line":761,"column":27},"end":{"line":764,"column":5}}},"33":{"name":"(anonymous_33)","decl":{"start":{"line":766,"column":11},"end":{"line":766,"column":12}},"loc":{"start":{"line":766,"column":29},"end":{"line":809,"column":5}}},"34":{"name":"create_attrs","decl":{"start":{"line":813,"column":11},"end":{"line":813,"column":23}},"loc":{"start":{"line":813,"column":26},"end":{"line":826,"column":3}}},"35":{"name":"create_reference","decl":{"start":{"line":829,"column":11},"end":{"line":829,"column":27}},"loc":{"start":{"line":829,"column":38},"end":{"line":841,"column":3}}}},"branchMap":{"1":{"loc":{"start":{"line":1,"column":0},"end":{"line":1,"column":78}},"type":"if","locations":[{"start":{"line":1,"column":0},"end":{"line":1,"column":78}},{"start":{"line":1,"column":0},"end":{"line":1,"column":78}}]},"2":{"loc":{"start":{"line":27,"column":8},"end":{"line":28,"column":27}},"type":"if","locations":[{"start":{"line":27,"column":8},"end":{"line":28,"column":27}},{"start":{"line":27,"column":8},"end":{"line":28,"column":27}}]},"3":{"loc":{"start":{"line":33,"column":8},"end":{"line":34,"column":104}},"type":"if","locations":[{"start":{"line":33,"column":8},"end":{"line":34,"column":104}},{"start":{"line":33,"column":8},"end":{"line":34,"column":104}}]},"4":{"loc":{"start":{"line":42,"column":8},"end":{"line":43,"column":27}},"type":"if","locations":[{"start":{"line":42,"column":8},"end":{"line":43,"column":27}},{"start":{"line":42,"column":8},"end":{"line":43,"column":27}}]},"5":{"loc":{"start":{"line":45,"column":20},"end":{"line":45,"column":46}},"type":"cond-expr","locations":[{"start":{"line":45,"column":41},"end":{"line":45,"column":42}},{"start":{"line":45,"column":45},"end":{"line":45,"column":46}}]},"6":{"loc":{"start":{"line":48,"column":8},"end":{"line":49,"column":104}},"type":"if","locations":[{"start":{"line":48,"column":8},"end":{"line":49,"column":104}},{"start":{"line":48,"column":8},"end"
[...]
umn":4},"end":{"line":31,"column":16}},"21":{"start":{"line":35,"column":15},"end":{"line":35,"column":38}},"22":{"start":{"line":36,"column":16},"end":{"line":36,"column":22}},"23":{"start":{"line":37,"column":20},"end":{"line":37,"column":25}},"24":{"start":{"line":39,"column":4},"end":{"line":64,"column":5}},"25":{"start":{"line":40,"column":19},"end":{"line":40,"column":31}},"26":{"start":{"line":41,"column":6},"end":{"line":63,"column":7}},"27":{"start":{"line":44,"column":8},"end":{"line":48,"column":27}},"28":{"start":{"line":45,"column":10},"end":{"line":45,"column":46}},"29":{"start":{"line":48,"column":10},"end":{"line":48,"column":27}},"30":{"start":{"line":49,"column":8},"end":{"line":49,"column":14}},"31":{"start":{"line":53,"column":8},"end":{"line":53,"column":31}},"32":{"start":{"line":54,"column":8},"end":{"line":54,"column":14}},"33":{"start":{"line":58,"column":8},"end":{"line":58,"column":30}},"34":{"start":{"line":61,"column":8},"end":{"line":61,"column":44}},"35":{"start":{"line":62,"column":8},"end":{"line":62,"column":14}},"36":{"start":{"line":66,"column":4},"end":{"line":66,"column":17}},"37":{"start":{"line":69,"column":2},"end":{"line":93,"column":4}},"38":{"start":{"line":71,"column":4},"end":{"line":72,"column":23}},"39":{"start":{"line":72,"column":6},"end":{"line":72,"column":23}},"40":{"start":{"line":75,"column":4},"end":{"line":76,"column":23}},"41":{"start":{"line":76,"column":6},"end":{"line":76,"column":23}},"42":{"start":{"line":79,"column":4},"end":{"line":80,"column":35}},"43":{"start":{"line":80,"column":6},"end":{"line":80,"column":35}},"44":{"start":{"line":82,"column":16},"end":{"line":82,"column":35}},"45":{"start":{"line":83,"column":4},"end":{"line":89,"column":5}},"46":{"start":{"line":84,"column":14},"end":{"line":84,"column":50}},"47":{"start":{"line":85,"column":16},"end":{"line":85,"column":36}},"48":{"start":{"line":86,"column":18},"end":{"line":86,"column":24}},"49":{"start":{"line":88,"column":6},"end":{"line":88,"column":36}},"50":{"start":{"line":92,"column":4},"end":{"line":92,"column":14}},"51":{"start":{"line":95,"column":2},"end":{"line":144,"column":4}},"52":{"start":{"line":97,"column":12},"end":{"line":97,"column":70}},"53":{"start":{"line":98,"column":4},"end":{"line":99,"column":23}},"54":{"start":{"line":99,"column":6},"end":{"line":99,"column":23}},"55":{"start":{"line":102,"column":15},"end":{"line":102,"column":53}},"56":{"start":{"line":106,"column":4},"end":{"line":126,"column":5}},"57":{"start":{"line":107,"column":17},"end":{"line":107,"column":50}},"58":{"start":{"line":108,"column":6},"end":{"line":108,"column":34}},"59":{"start":{"line":111,"column":6},"end":{"line":112,"column":25}},"60":{"start":{"line":112,"column":8},"end":{"line":112,"column":25}},"61":{"start":{"line":115,"column":6},"end":{"line":118,"column":7}},"62":{"start":{"line":116,"column":8},"end":{"line":116,"column":18}},"63":{"start":{"line":117,"column":8},"end":{"line":117,"column":34}},"64":{"start":{"line":121,"column":6},"end":{"line":122,"column":30}},"65":{"start":{"line":122,"column":8},"end":{"line":122,"column":30}},"66":{"start":{"line":125,"column":6},"end":{"line":125,"column":16}},"67":{"start":{"line":129,"column":12},"end":{"line":129,"column":40}},"68":{"start":{"line":130,"column":17},"end":{"line":130,"column":43}},"69":{"start":{"line":133,"column":4},"end":{"line":133,"column":39}},"70":{"start":{"line":134,"column":4},"end":{"line":137,"column":5}},"71":{"start":{"line":135,"column":6},"end":{"line":135,"column":16}},"72":{"start":{"line":136,"column":6},"end":{"line":136,"column":39}},"73":{"start":{"line":140,"column":4},"end":{"line":141,"column":28}},"74":{"start":{"line":141,"column":6},"end":{"line":141,"column":28}},"75":{"start":{"line":143,"column":4},"end":{"line":143,"column":18}},"76":{"start":{"line":146,"column":2},"end":{"line":180,"column":4}},"77":{"start":{"line":148,"column":16},"end":{"line":148,"column":50}},"78":{"start":{"line":149,"column":15},"end":{"line":149,"column":23}},"79":{"start":{"line":153,"column":4},"end":{"line":177,"column":5}},"80":{"start":{"line":155,"column":19},"end":{"line":155,"column":28}},"81":{"start":{"line":156,"column":6},"end":{"line":157,"column":36}},"82":{"start":{"line":157,"column":8},"end":{"line":157,"column":36}},"83":{"start":{"line":159,"column":6},"end":{"line":173,"column":7}},"84":{"start":{"line":160,"column":16},"end":{"line":160,"column":42}},"85":{"start":{"line":161,"column":20},"end":{"line":161,"column":61}},"86":{"start":{"line":162,"column":20},"end":{"line":162,"column":44}},"87":{"start":{"line":166,"column":8},"end":{"line":167,"column":44}},"88":{"start":{"line":167,"column":10},"end":{"line":167,"column":44}},"89":{"start":{"line":169,"column":8},"end":{"line":172,"column":9}},"90":{"start":{"line":171,"column":10},"end":{"line":171,"column":102}},"91":{"start":{"line":176,"column":6},"end":{"line":176,"column":23}},"92":{"start":{"line":179,"column":4},"end":{"line":179,"column":20}},"93":{"start":{"line":185,"column":2},"end":{"line":251,"column":4}},"94":{"start":{"line":187,"column":30},"end":{"line":200,"column":5}},"95":{"start":{"line":188,"column":6},"end":{"line":188,"column":23}},"96":{"start":{"line":189,"column":6},"end":{"line":190,"column":23}},"97":{"start":{"line":190,"column":8},"end":{"line":190,"column":23}},"98":{"start":{"line":191,"column":16},"end":{"line":191,"column":19}},"99":{"start":{"line":192,"column":14},"end":{"line":192,"column":73}},"100":{"start":{"line":194,"column":6},"end":{"line":197,"column":7}},"101":{"start":{"line":195,"column":8},"end":{"line":195,"column":25}},"102":{"start":{"line":196,"column":8},"end":{"line":196,"column":17}},"103":{"start":{"line":198,"column":6},"end":{"line":198,"column":18}},"104":{"start":{"line":199,"column":6},"end":{"line":199,"column":17}},"105":{"start":{"line":202,"column":23},"end":{"line":202,"column":99}},"106":{"start":{"line":204,"column":26},"end":{"line":204,"column":131}},"107":{"start":{"line":207,"column":4},"end":{"line":213,"column":5}},"108":{"start":{"line":210,"column":6},"end":{"line":210,"column":42}},"109":{"start":{"line":211,"column":11},"end":{"line":213,"column":5}},"110":{"start":{"line":212,"column":6},"end":{"line":212,"column":23}},"111":{"start":{"line":215,"column":16},"end":{"line":215,"column":63}},"112":{"start":{"line":219,"column":4},"end":{"line":219,"column":49}},"113":{"start":{"line":222,"column":21},"end":{"line":222,"column":24}},"114":{"start":{"line":223,"column":4},"end":{"line":232,"column":7}},"115":{"start":{"line":224,"column":6},"end":{"line":231,"column":28}},"116":{"start":{"line":225,"column":8},"end":{"line":225,"column":42}},"117":{"start":{"line":226,"column":11},"end":{"line":231,"column":28}},"118":{"start":{"line":227,"column":8},"end":{"line":227,"column":41}},"119":{"start":{"line":228,"column":11},"end":{"line":231,"column":28}},"120":{"start":{"line":229,"column":8},"end":{"line":229,"column":43}},"121":{"start":{"line":231,"column":8},"end":{"line":231,"column":28}},"122":{"start":{"line":235,"column":4},"end":{"line":235,"column":64}},"123":{"start":{"line":236,"column":4},"end":{"line":239,"column":5}},"124":{"start":{"line":237,"column":6},"end":{"line":238,"column":45}},"125":{"start":{"line":242,"column":4},"end":{"line":248,"column":13}},"126":{"start":{"line":243,"column":21},"end":{"line":243,"column":27}},"127":{"start":{"line":244,"column":6},"end":{"line":244,"column":42}},"128":{"start":{"line":245,"column":6},"end":{"line":246,"column":93}},"129":{"start":{"line":246,"column":8},"end":{"line":246,"column":93}},"130":{"start":{"line":247,"column":6},"end":{"line":247,"column":30}},"131":{"start":{"line":250,"column":4},"end":{"line":250,"column":19}},"132":{"start":{"line":253,"column":2},"end":{"line":284,"column":4}},"133":{"start":{"line":254,"column":4},"end":{"line":255,"column":25}},"134":{"start":{"line":255,"column":6},"end":{"line":255,"column":25}},"135":{"start":{"line":258,"column":17},"end":{"line":258,"column":38}},"136":{"start":{"line":260,"column":4},"end":{"line":261,"column":25}},"137":{"start":{"line":261,"column":6},"end":{"line":261,"column":25}},"138":{"start":{"line":264,"column":12},"end":{"line":264,"column":57}},"139":{"start":{"line":267,"column":4},"end":{"line":268,"column":25}},"140":{"start":{"line":268,"column":6},"end":{"line":268,"column":25}},"141":{"start":{"line":271,"column":15},"end":{"line":271,"column":53}},"142":{"start":{"line":272,"column":15},"end":{"line":272,"column":37}},"143":{"start":{"line":274,"column":4},"end":{"line":277,"column":5}},"144":{"start":{"line":275,"column":6},"end":{"line":275,"column":16}},"145":{"start":{"line":276,"column":6},"end":{"line":276,"column":34}},"146":{"start":{"line":279,"column":4},"end":{"line":280,"column":28}},"147":{"start":{"line":280,"column":6},"end":{"line":280,"column":28}},"148":{"start":{"line":283,"column":4},"end":{"line":283,"column":33}},"149":{"start":{"line":287,"column":2},"end":{"line":287,"column":36}},"150":{"start":{"line":288,"column":2},"end":{"line":288,"column":78}},"151":{"start":{"line":289,"column":2},"end":{"line":289,"column":62}},"152":{"start":{"line":290,"column":2},"end":{"line":290,"column":66}},"153":{"start":{"line":292,"column":2},"end":{"line":292,"column":16}}},"fnMap":{"1":{"name":"(anonymous_1)","decl":{"start":{"line":2,"column":78},"end":{"line":2,"column":79}},"loc":{"start":{"line":2,"column":139},"end":{"line":293,"column":1}}},"2":{"name":"processMetaHash","decl":{"start":{"line":8,"column":36},"end":{"line":8,"column":51}},"loc":{"start":{"line":8,"column":67},"end":{"line":32,"column":3}}},"3":{"name":"split_meta_hash","decl":{"start":{"line":34,"column":11},"end":{"line":34,"column":26}},"loc":{"start":{"line":34,"column":42},"end":{"line":67,"column":3}}},"4":{"name":"document_meta","decl":{"start":{"line":69,"column":40},"end":{"line":69,"column":53}},"loc":{"start":{"line":69,"column":63},"end":{"line":93,"column":3}}},"5":{"name":"block_meta","decl":{"start":{"line":95,"column":37},"end":{"line":95,"column":47}},"loc":{"start":{"line":95,"column":57},"end":{"line":144,"column":3}}},"6":{"name":"definition_list","decl":{"start":{"line":146,"column":42},"end":{"line":146,"column":57}},"loc":{"start":{"line":146,"column":73},"end":{"line":180,"column":3}}},"7":{"name":"table","decl":{"start":{"line":185,"column":32},"end":{"line":185,"column":37}},"loc":{"start":{"line":185,"column":48},"end":{"line":251,"column":3}}},"8":{"name":"(anonymous_8)","decl":{"start":{"line":187,"column":30},"end":{"line":187,"column":31}},"loc":{"start":{"line":187,"column":48},"end":{"line":200,"column":5}}},"9":{"name":"(anonymous_9)","decl":{"start":{"line":223,"column":19},"end":{"line":223,"column":20}},"loc":{"start":{"line":223,"column":32},"end":{"line":232,"column":5}}},"10":{"name":"(anonymous_10)","decl":{"start":{"line":242,"column":55},"end":{"line":242,"column":56}},"loc":{"start":{"line":242,"column":70},"end":{"line":248,"column":5}}},"11":{"name":"inline_meta","decl":{"start":{"line":253,"column":35},"end":{"line":253,"column":46}},"loc":{"start":{"line":253,"column":69},"end":{"line":284,"column":3}}}},"branchMap":{"1":{"loc":{"start":{"line":1,"column":0},"end":{"line":1,"column":78}},"type":"if","locations":[{"start":{"line":1,"column":0},"end":{"line":1,"column":78}},{"start":{"line":1,"column":0},"end":{"line":1,"column":78}}]},"2":{"loc":{"start":{"line":14,"column":6},"end":{"line":28,"column":7}},"type":"if","locations":[{"start":{"line":14,"column":6},"end":{"line":28,"column":7}},{"start":{"line":14,"column":6},"end":{"line":28,"column":7}}]},"3":{"loc":{"start":{"line":17,"column":11},"end":{"line":28,"column":7}},"type":"if","locations":[{"start":{"line":17,"column":11},"end":{"line":28,"column":7}},{"start":{"line":17,"column":11},"end":{"line":28,"column":7}}]},"4":{"loc":{"start":{"line":19,"column":8},"end":{"line":22,"column":51}},"type":"if","locations":[{"start":{"line":19,"column":8},"end":{"line":22,"column":51}},{"start":{"line":19,"column":8},"end":{"line":22,"column":51}}]},"5":{"loc":{"start":{"line":25,"column":11},"end":{"line":28,"column":7}},"type":"if","locations":[{"start":{"line":25,"column":11},"end":{"line":28,"column":7}},{"start":{"line":25,"column":11},"end":{"line":28,"column":7}}]},"6":{"loc":{"start":{"line":41,"column":6},"end":{"line":63,"column":7}},"type":"switch","locations":[{"start":{"line":42,"column":6},"end":{"line":49,"column":14}},{"start":{"line":50,"column":6},"end":{"line":50,"column":16}},{"start":{"line":51,"column":6},"end":{"line":54,"column":14}},{"start":{"line":55,"column":6},"end":{"line":58,"column":30}},{"start":{"line":60,"column":6},"end":{"line":62,"column":14}}]},"7":{"loc":{"start":{"line":44,"column":8},"end":{"line":48,"column":27}},"type":"if","locations":[{"start":{"line":44,"column":8},"end":{"line":48,"column":27}},{"start":{"line":44,"column":8},"end":{"line":48,"column":27}}]},"8":{"loc":{"start":{"line":71,"column":4},"end":{"line":72,"column":23}},"type":"if","locations":[{"start":{"line":71,"column":4},"end":{"line":72,"column":23}},{"start":{"line":71,"column":4},"end":{"line":72,"column":23}}]},"9":{"loc":{"start":{"line":75,"column":4},"end":{"line":76,"column":23}},"type":"if","locations":[{"start":{"line":75,"column":4},"end":{"line":76,"column":23}},{"start":{"line":75,"column":4},"end":{"line":76,"column":23}}]},"10":{"loc":{"start":{"line":79,"column":4},"end":{"line":80,"column":35}},"type":"if","locations":[{"start":{"line":79,"column":4},"end":{"line":80,"column":35}},{"start":{"line":79,"column":4},"end":{"line":80,"column":35}}]},"11":{"loc":{"start":{"line":98,"column":4},"end":{"line":99,"column":23}},"type":"if","locations":[{"start":{"line":98,"column":4},"end":{"line":99,"column":23}},{"start":{"line":98,"column":4},"end":{"line":99,"column":23}}]},"12":{"loc":{"start":{"line":106,"column":4},"end":{"line":126,"column":5}},"type":"if","locations":[{"start":{"line":106,"column":4},"end":{"line":126,"column":5}},{"start":{"line":106,"column":4},"end":{"line":126,"column":5}}]},"13":{"loc":{"start":{"line":111,"column":6},"end":{"line":112,"column":25}},"type":"if","locations":[{"start":{"line":111,"column":6},"end":{"line":112,"column":25}},{"start":{"line":111,"column":6},"end":{"line":112,"column":25}}]},"14":{"loc":{"start":{"line":115,"column":6},"end":{"line":118,"column":7}},"type":"if","locations":[{"start":{"line":115,"column":6},"end":{"line":118,"column":7}},{"start":{"line":115,"column":6},"end":{"line":118,"column":7}}]},"15":{"loc":{"start":{"line":134,"column":4},"end":{"line":137,"column":5}},"type":"if","locations":[{"start":{"line":134,"column":4},"end":{"line":137,"column":5}},{"start":{"line":134,"column":4},"end":{"line":137,"column":5}}]},"16":{"loc":{"start":{"line":153,"column":4},"end":{"line":177,"column":5}},"type":"if","locations":[{"start":{"line":153,"column":4},"end":{"line":177,"column":5}},{"start":{"line":153,"column":4},"end":{"line":177,"column":5}}]},"17":{"loc":{"start":{"line":156,"column":14},"end":{"line":156,"column":52}},"type":"binary-expr","locations":[{"start":{"line":156,"column":14},"end":{"line":156,"column":25}},{"start":{"line":156,"column":29},"end":{"line":156,"column":52}}]},"18":{"loc":{"start":{"line":188,"column":11},"end":{"line":188,"column":22}},"type":"binary-expr","locations":[{"start":{"line":188,"column":11},"end":{"line":188,"column":13}},{"start":{"line":188,"column":17},"end":{"line":188,"column":22}}]},"19":{"loc":{"start":{"line":189,"column":6},"end":{"line":190,"column":23}},"type":"if","locations":[{"start":{"line":189,"column":6},"end":{"line":190,"column":23}},{"start":{"line":189,"column":6},"end":{"line":190,"column":23}}]},"20":{"loc":{"start":{"line":207,"column":4},"end":{"line":213,"column":5}},"type":"if","locations":[{"start":{"line":207,"column":4},"end":{"line":213,"column":5}},{"start":{"line":207,"column":4},"end":{"line":213,"column":5}}]},"21":{"loc":{"start":{"line":211,"column":11},"end":{"line":213,"column":5}},"type":"if","locations":[{"start":{"line":211,"column":11},"end":{"line":213,"column":5}},{"start":{"line":211,"column":11},"end":{"line":213,"column":5}}]},"22":{"loc":{"start":{"line":224,"column":6},"end":{"line":231,"column":28}},"type":"if","locations":[{"start":{"line":224,"column":6},"end":{"line":231,"column":28}},{"start":{"line":224,"column":6},"end":{"line":231,"column":28}}]},"23":{"loc":{"start":{"line":226,"column":11},"end":{"line":231,"column":28}},"type":"if","locations":[{"start":{"line":226,"column":11},"end":{"line":231,"column":28}},{"start":{"line":226,"column":11},"end":{"line":231,"column":28}}]},"24":{"loc":{"start":{"line":228,"column":11},"end":{"line":231,"column":28}},"type":"if","locations":[{"start":{"line":228,"column":11},"end":{"line":231,"column":28}},{"start":{"line":228,"column":11},"end":{"line":231,"column":28}}]},"25":{"loc":{"start":{"line":237,"column":30},"end":{"line":237,"column":49}},"type":"binary-expr","locations":[{"start":{"line":237,"column":30},"end":{"line":237,"column":43}},{"start":{"line":237,"column":47},"end":{"line":237,"column":49}}]},"26":{"loc":{"start":{"line":246,"column":29},"end":{"line":246,"column":48}},"type":"binary-expr","locations":[{"start":{"line":246,"column":29},"end":{"line":246,"column":42}},{"start":{"line":246,"column":46},"end":{"line":246,"column":48}}]},"27":{"loc":{"start":{"line":254,"column":4},"end":{"line":255,"column":25}},"type":"if","locations":[{"start":{"line":254,"column":4},"end":{"line":255,"column":25}},{"start":{"line":254,"column":4},"end":{"line":255,"column":25}}]},"28":{"loc":{"start":{"line":260,"column":4},"end":{"line":261,"column":25}},"type":"if","locations":[{"start":{"line":260,"column":4},"end":{"line":261,"column":25}},{"start":{"line":260,"column":4},"end":{"line":261,"column":25}}]},"29":{"loc":{"start":{"line":267,"column":4},"end":{"line":268,"column":25}},"type":"if","locations":[{"start":{"line":267,"column":4},"end":{"line":268,"column":25}},{"start":{"line":267,"column":4},"end":{"line":268,"column":25}}]},"30":{"loc":{"start":{"line":274,"column":4},"end":{"line":277,"column":5}},"type":"if","locations":[{"start":{"line":274,"column":4},"end":{"line":277,"column":5}},{"start":{"line":274,"column":4},"end":{"line":277,"column":5}}]}},"s":{"1":1,"2":1,"3":1,"4":1,"5":1,"6":1,"7":1,"8":0,"9":0,"10":0,"11":0,"12":0,"13":0,"14":0,"15":0,"16":0,"17":0,"18":0,"19":0,"20":0,"21":0,"22":0,"23":0,"24":0,"25":0,"26":0,"27":0,"28":0,"29":0,"30":0,"31":0,"32":0,"33":0,"34":0,"35":0,"36":0,"37":1,"38":0,"39":0,"40":0,"41":0,"42":0,"43":0,"44":0,"45":0,"46":0,"47":0,"48":0,"49":0,"50":0,"51":1,"52":0,"53":0,"54":0,"55":0,"56":0,"57":0,"58":0,"59":0,"60":0,"61":0,"62":0,"63":0,"64":0,"65":0,"66":0,"67":0,"68":0,"69":0,"70":0,"71":0,"72":0,"73":0,"74":0,"75":0,"76":1,"77":0,"78":0,"79":0,"80":0,"81":0,"82":0,"83":0,"84":0,"85":0,"86":0,"87":0,"88":0,"89":0,"90":0,"91":0,"92":0,"93":1,"94":0,"95":0,"96":0,"97":0,"98":0,"99":0,"100":0,"101":0,"102":0,"103":0,"104":0,"105":0,"106":0,"107":0,"108":0,"109":0,"110":0,"111":0,"112":0,"113":0,"114":0,"115":0,"116":0,"117":0,"118":0,"119":0,"120":0,"121":0,"122":0,"123":0,"124":0,"125":0,"126":0,"127":0,"128":0,"129":0,"130":0,"131":0,"132":1,"133":0,"134":0,"135":0,"136":0,"137":0,"138":0,"139":0,"140":0,"141":0,"142":0,"143":0,"144":0,"145":0,"146":0,"147":0,"148":0,"149":1,"150":1,"151":1,"152":1,"153":1},"f":{"1":1,"2":0,"3":0,"4":0,"5":0,"6":0,"7":0,"8":0,"9":0,"10":0,"11":0},"b":{"1":[1,0],"2":[0,0],"3":[0,0],"4":[0,0],"5":[0,0],"6":[0,0,0,0,0],"7":[0,0],"8":[0,0],"9":[0,0],"10":[0,0],"11":[0,0],"12":[0,0],"13":[0,0],"14":[0,0],"15":[0,0],"16":[0,0],"17":[0,0],"18":[0,0],"19":[0,0],"20":[0,0],"21":[0,0],"22":[0,0],"23":[0,0],"24":[0,0],"25":[0,0],"26":[0,0],"27":[0,0],"28":[0,0],"29":[0,0],"30":[0,0]},"hash":"61434ee55880f5387019543ade45888c941821a4"}}